{"D:\\FYP Final Year Project\\backend\\src\\constants\\roles.js": {"path":"D:\\FYP Final Year Project\\backend\\src\\constants\\roles.js","statementMap":{"0":{"start":{"line":2,"column":14},"end":{"line":6,"column":1}}},"fnMap":{},"branchMap":{},"s":{"0":0},"f":{},"b":{}}
,"D:\\FYP Final Year Project\\backend\\src\\controllers\\admin.controller.js": {"path":"D:\\FYP Final Year Project\\backend\\src\\controllers\\admin.controller.js","statementMap":{"0":{"start":{"line":6,"column":30},"end":{"line":13,"column":1}},"1":{"start":{"line":7,"column":4},"end":{"line":12,"column":5}},"2":{"start":{"line":8,"column":25},"end":{"line":8,"column":81}},"3":{"start":{"line":9,"column":8},"end":{"line":9,"column":39}},"4":{"start":{"line":11,"column":8},"end":{"line":11,"column":80}},"5":{"start":{"line":16,"column":30},"end":{"line":23,"column":1}},"6":{"start":{"line":17,"column":4},"end":{"line":22,"column":5}},"7":{"start":{"line":18,"column":25},"end":{"line":18,"column":81}},"8":{"start":{"line":19,"column":8},"end":{"line":19,"column":39}},"9":{"start":{"line":21,"column":8},"end":{"line":21,"column":80}},"10":{"start":{"line":26,"column":26},"end":{"line":45,"column":1}},"11":{"start":{"line":27,"column":4},"end":{"line":44,"column":5}},"12":{"start":{"line":28,"column":23},"end":{"line":28,"column":33}},"13":{"start":{"line":29,"column":21},"end":{"line":29,"column":44}},"14":{"start":{"line":31,"column":8},"end":{"line":33,"column":9}},"15":{"start":{"line":32,"column":12},"end":{"line":32,"column":71}},"16":{"start":{"line":36,"column":8},"end":{"line":38,"column":9}},"17":{"start":{"line":37,"column":12},"end":{"line":37,"column":79}},"18":{"start":{"line":40,"column":8},"end":{"line":40,"column":41}},"19":{"start":{"line":41,"column":8},"end":{"line":41,"column":71}},"20":{"start":{"line":43,"column":8},"end":{"line":43,"column":80}},"21":{"start":{"line":48,"column":29},"end":{"line":55,"column":1}},"22":{"start":{"line":49,"column":4},"end":{"line":54,"column":5}},"23":{"start":{"line":50,"column":24},"end":{"line":50,"column":149}},"24":{"start":{"line":51,"column":8},"end":{"line":51,"column":38}},"25":{"start":{"line":53,"column":8},"end":{"line":53,"column":80}},"26":{"start":{"line":58,"column":28},"end":{"line":81,"column":1}},"27":{"start":{"line":59,"column":4},"end":{"line":80,"column":5}},"28":{"start":{"line":60,"column":75},"end":{"line":60,"column":83}},"29":{"start":{"line":62,"column":31},"end":{"line":62,"column":61}},"30":{"start":{"line":63,"column":8},"end":{"line":65,"column":9}},"31":{"start":{"line":64,"column":12},"end":{"line":64,"column":93}},"32":{"start":{"line":67,"column":26},"end":{"line":74,"column":10}},"33":{"start":{"line":76,"column":8},"end":{"line":76,"column":31}},"34":{"start":{"line":77,"column":8},"end":{"line":77,"column":40}},"35":{"start":{"line":79,"column":8},"end":{"line":79,"column":80}},"36":{"start":{"line":84,"column":28},"end":{"line":106,"column":1}},"37":{"start":{"line":85,"column":4},"end":{"line":105,"column":5}},"38":{"start":{"line":86,"column":23},"end":{"line":86,"column":33}},"39":{"start":{"line":87,"column":75},"end":{"line":87,"column":83}},"40":{"start":{"line":89,"column":23},"end":{"line":89,"column":48}},"41":{"start":{"line":90,"column":8},"end":{"line":92,"column":9}},"42":{"start":{"line":91,"column":12},"end":{"line":91,"column":73}},"43":{"start":{"line":94,"column":8},"end":{"line":94,"column":42}},"44":{"start":{"line":95,"column":8},"end":{"line":95,"column":42}},"45":{"start":{"line":96,"column":8},"end":{"line":96,"column":63}},"46":{"start":{"line":97,"column":8},"end":{"line":97,"column":60}},"47":{"start":{"line":98,"column":8},"end":{"line":98,"column":51}},"48":{"start":{"line":99,"column":8},"end":{"line":99,"column":54}},"49":{"start":{"line":101,"column":8},"end":{"line":101,"column":28}},"50":{"start":{"line":102,"column":8},"end":{"line":102,"column":37}},"51":{"start":{"line":104,"column":8},"end":{"line":104,"column":80}},"52":{"start":{"line":109,"column":28},"end":{"line":123,"column":1}},"53":{"start":{"line":110,"column":4},"end":{"line":122,"column":5}},"54":{"start":{"line":111,"column":23},"end":{"line":111,"column":33}},"55":{"start":{"line":112,"column":23},"end":{"line":112,"column":48}},"56":{"start":{"line":114,"column":8},"end":{"line":116,"column":9}},"57":{"start":{"line":115,"column":12},"end":{"line":115,"column":73}},"58":{"start":{"line":118,"column":8},"end":{"line":118,"column":43}},"59":{"start":{"line":119,"column":8},"end":{"line":119,"column":73}},"60":{"start":{"line":121,"column":8},"end":{"line":121,"column":80}},"61":{"start":{"line":126,"column":30},"end":{"line":141,"column":1}},"62":{"start":{"line":127,"column":4},"end":{"line":140,"column":5}},"63":{"start":{"line":128,"column":25},"end":{"line":128,"column":45}},"64":{"start":{"line":129,"column":8},"end":{"line":136,"column":9}},"65":{"start":{"line":130,"column":12},"end":{"line":135,"column":15}},"66":{"start":{"line":137,"column":8},"end":{"line":137,"column":39}},"67":{"start":{"line":139,"column":8},"end":{"line":139,"column":80}},"68":{"start":{"line":144,"column":29},"end":{"line":156,"column":1}},"69":{"start":{"line":145,"column":4},"end":{"line":155,"column":5}},"70":{"start":{"line":146,"column":31},"end":{"line":146,"column":39}},"71":{"start":{"line":147,"column":22},"end":{"line":151,"column":9}},"72":{"start":{"line":152,"column":8},"end":{"line":152,"column":38}},"73":{"start":{"line":154,"column":8},"end":{"line":154,"column":80}},"74":{"start":{"line":159,"column":33},"end":{"line":173,"column":1}},"75":{"start":{"line":160,"column":4},"end":{"line":172,"column":5}},"76":{"start":{"line":161,"column":29},"end":{"line":161,"column":75}},"77":{"start":{"line":162,"column":29},"end":{"line":162,"column":75}},"78":{"start":{"line":163,"column":28},"end":{"line":163,"column":57}},"79":{"start":{"line":165,"column":8},"end":{"line":169,"column":11}},"80":{"start":{"line":171,"column":8},"end":{"line":171,"column":80}}},"fnMap":{"0":{"name":"(anonymous_0)","decl":{"start":{"line":6,"column":30},"end":{"line":6,"column":31}},"loc":{"start":{"line":6,"column":50},"end":{"line":13,"column":1}},"line":6},"1":{"name":"(anonymous_1)","decl":{"start":{"line":16,"column":30},"end":{"line":16,"column":31}},"loc":{"start":{"line":16,"column":50},"end":{"line":23,"column":1}},"line":16},"2":{"name":"(anonymous_2)","decl":{"start":{"line":26,"column":26},"end":{"line":26,"column":27}},"loc":{"start":{"line":26,"column":46},"end":{"line":45,"column":1}},"line":26},"3":{"name":"(anonymous_3)","decl":{"start":{"line":48,"column":29},"end":{"line":48,"column":30}},"loc":{"start":{"line":48,"column":49},"end":{"line":55,"column":1}},"line":48},"4":{"name":"(anonymous_4)","decl":{"start":{"line":58,"column":28},"end":{"line":58,"column":29}},"loc":{"start":{"line":58,"column":48},"end":{"line":81,"column":1}},"line":58},"5":{"name":"(anonymous_5)","decl":{"start":{"line":84,"column":28},"end":{"line":84,"column":29}},"loc":{"start":{"line":84,"column":48},"end":{"line":106,"column":1}},"line":84},"6":{"name":"(anonymous_6)","decl":{"start":{"line":109,"column":28},"end":{"line":109,"column":29}},"loc":{"start":{"line":109,"column":48},"end":{"line":123,"column":1}},"line":109},"7":{"name":"(anonymous_7)","decl":{"start":{"line":126,"column":30},"end":{"line":126,"column":31}},"loc":{"start":{"line":126,"column":50},"end":{"line":141,"column":1}},"line":126},"8":{"name":"(anonymous_8)","decl":{"start":{"line":144,"column":29},"end":{"line":144,"column":30}},"loc":{"start":{"line":144,"column":49},"end":{"line":156,"column":1}},"line":144},"9":{"name":"(anonymous_9)","decl":{"start":{"line":159,"column":33},"end":{"line":159,"column":34}},"loc":{"start":{"line":159,"column":53},"end":{"line":173,"column":1}},"line":159}},"branchMap":{"0":{"loc":{"start":{"line":31,"column":8},"end":{"line":33,"column":9}},"type":"if","locations":[{"start":{"line":31,"column":8},"end":{"line":33,"column":9}},{"start":{},"end":{}}],"line":31},"1":{"loc":{"start":{"line":36,"column":8},"end":{"line":38,"column":9}},"type":"if","locations":[{"start":{"line":36,"column":8},"end":{"line":38,"column":9}},{"start":{},"end":{}}],"line":36},"2":{"loc":{"start":{"line":63,"column":8},"end":{"line":65,"column":9}},"type":"if","locations":[{"start":{"line":63,"column":8},"end":{"line":65,"column":9}},{"start":{},"end":{}}],"line":63},"3":{"loc":{"start":{"line":90,"column":8},"end":{"line":92,"column":9}},"type":"if","locations":[{"start":{"line":90,"column":8},"end":{"line":92,"column":9}},{"start":{},"end":{}}],"line":90},"4":{"loc":{"start":{"line":94,"column":22},"end":{"line":94,"column":41}},"type":"binary-expr","locations":[{"start":{"line":94,"column":22},"end":{"line":94,"column":26}},{"start":{"line":94,"column":30},"end":{"line":94,"column":41}}],"line":94},"5":{"loc":{"start":{"line":95,"column":22},"end":{"line":95,"column":41}},"type":"binary-expr","locations":[{"start":{"line":95,"column":22},"end":{"line":95,"column":26}},{"start":{"line":95,"column":30},"end":{"line":95,"column":41}}],"line":95},"6":{"loc":{"start":{"line":96,"column":29},"end":{"line":96,"column":62}},"type":"binary-expr","locations":[{"start":{"line":96,"column":29},"end":{"line":96,"column":40}},{"start":{"line":96,"column":44},"end":{"line":96,"column":62}}],"line":96},"7":{"loc":{"start":{"line":97,"column":28},"end":{"line":97,"column":59}},"type":"binary-expr","locations":[{"start":{"line":97,"column":28},"end":{"line":97,"column":38}},{"start":{"line":97,"column":42},"end":{"line":97,"column":59}}],"line":97},"8":{"loc":{"start":{"line":98,"column":25},"end":{"line":98,"column":50}},"type":"binary-expr","locations":[{"start":{"line":98,"column":25},"end":{"line":98,"column":32}},{"start":{"line":98,"column":36},"end":{"line":98,"column":50}}],"line":98},"9":{"loc":{"start":{"line":99,"column":26},"end":{"line":99,"column":53}},"type":"binary-expr","locations":[{"start":{"line":99,"column":26},"end":{"line":99,"column":34}},{"start":{"line":99,"column":38},"end":{"line":99,"column":53}}],"line":99},"10":{"loc":{"start":{"line":114,"column":8},"end":{"line":116,"column":9}},"type":"if","locations":[{"start":{"line":114,"column":8},"end":{"line":116,"column":9}},{"start":{},"end":{}}],"line":114},"11":{"loc":{"start":{"line":129,"column":8},"end":{"line":136,"column":9}},"type":"if","locations":[{"start":{"line":129,"column":8},"end":{"line":136,"column":9}},{"start":{},"end":{}}],"line":129}},"s":{"0":0,"1":0,"2":0,"3":0,"4":0,"5":0,"6":0,"7":0,"8":0,"9":0,"10":0,"11":0,"12":0,"13":0,"14":0,"15":0,"16":0,"17":0,"18":0,"19":0,"20":0,"21":0,"22":0,"23":0,"24":0,"25":0,"26":0,"27":0,"28":0,"29":0,"30":0,"31":0,"32":0,"33":0,"34":0,"35":0,"36":0,"37":0,"38":0,"39":0,"40":0,"41":0,"42":0,"43":0,"44":0,"45":0,"46":0,"47":0,"48":0,"49":0,"50":0,"51":0,"52":0,"53":0,"54":0,"55":0,"56":0,"57":0,"58":0,"59":0,"60":0,"61":0,"62":0,"63":0,"64":0,"65":0,"66":0,"67":0,"68":0,"69":0,"70":0,"71":0,"72":0,"73":0,"74":0,"75":0,"76":0,"77":0,"78":0,"79":0,"80":0},"f":{"0":0,"1":0,"2":0,"3":0,"4":0,"5":0,"6":0,"7":0,"8":0,"9":0},"b":{"0":[0,0],"1":[0,0],"2":[0,0],"3":[0,0],"4":[0,0],"5":[0,0],"6":[0,0],"7":[0,0],"8":[0,0],"9":[0,0],"10":[0,0],"11":[0,0]}}
,"D:\\FYP Final Year Project\\backend\\src\\controllers\\announcement.controller.js": {"path":"D:\\FYP Final Year Project\\backend\\src\\controllers\\announcement.controller.js","statementMap":{"0":{"start":{"line":3,"column":34},"end":{"line":23,"column":1}},"1":{"start":{"line":4,"column":4},"end":{"line":22,"column":5}},"2":{"start":{"line":5,"column":35},"end":{"line":5,"column":43}},"3":{"start":{"line":7,"column":8},"end":{"line":9,"column":9}},"4":{"start":{"line":8,"column":12},"end":{"line":8,"column":87}},"5":{"start":{"line":11,"column":29},"end":{"line":15,"column":10}},"6":{"start":{"line":17,"column":8},"end":{"line":17,"column":66}},"7":{"start":{"line":19,"column":8},"end":{"line":19,"column":50}},"8":{"start":{"line":21,"column":8},"end":{"line":21,"column":87}},"9":{"start":{"line":25,"column":32},"end":{"line":35,"column":1}},"10":{"start":{"line":26,"column":4},"end":{"line":34,"column":5}},"11":{"start":{"line":27,"column":30},"end":{"line":29,"column":51}},"12":{"start":{"line":31,"column":8},"end":{"line":31,"column":39}},"13":{"start":{"line":33,"column":8},"end":{"line":33,"column":87}},"14":{"start":{"line":37,"column":34},"end":{"line":57,"column":1}},"15":{"start":{"line":38,"column":4},"end":{"line":56,"column":5}},"16":{"start":{"line":39,"column":29},"end":{"line":39,"column":71}},"17":{"start":{"line":41,"column":8},"end":{"line":43,"column":9}},"18":{"start":{"line":42,"column":12},"end":{"line":42,"column":79}},"19":{"start":{"line":45,"column":24},"end":{"line":45,"column":49}},"20":{"start":{"line":46,"column":26},"end":{"line":46,"column":75}},"21":{"start":{"line":48,"column":8},"end":{"line":50,"column":9}},"22":{"start":{"line":49,"column":12},"end":{"line":49,"column":99}},"23":{"start":{"line":52,"column":8},"end":{"line":52,"column":39}},"24":{"start":{"line":53,"column":8},"end":{"line":53,"column":61}},"25":{"start":{"line":55,"column":8},"end":{"line":55,"column":87}}},"fnMap":{"0":{"name":"(anonymous_0)","decl":{"start":{"line":3,"column":34},"end":{"line":3,"column":35}},"loc":{"start":{"line":3,"column":54},"end":{"line":23,"column":1}},"line":3},"1":{"name":"(anonymous_1)","decl":{"start":{"line":25,"column":32},"end":{"line":25,"column":33}},"loc":{"start":{"line":25,"column":52},"end":{"line":35,"column":1}},"line":25},"2":{"name":"(anonymous_2)","decl":{"start":{"line":37,"column":34},"end":{"line":37,"column":35}},"loc":{"start":{"line":37,"column":54},"end":{"line":57,"column":1}},"line":37}},"branchMap":{"0":{"loc":{"start":{"line":7,"column":8},"end":{"line":9,"column":9}},"type":"if","locations":[{"start":{"line":7,"column":8},"end":{"line":9,"column":9}},{"start":{},"end":{}}],"line":7},"1":{"loc":{"start":{"line":7,"column":12},"end":{"line":7,"column":30}},"type":"binary-expr","locations":[{"start":{"line":7,"column":12},"end":{"line":7,"column":18}},{"start":{"line":7,"column":22},"end":{"line":7,"column":30}}],"line":7},"2":{"loc":{"start":{"line":41,"column":8},"end":{"line":43,"column":9}},"type":"if","locations":[{"start":{"line":41,"column":8},"end":{"line":43,"column":9}},{"start":{},"end":{}}],"line":41},"3":{"loc":{"start":{"line":48,"column":8},"end":{"line":50,"column":9}},"type":"if","locations":[{"start":{"line":48,"column":8},"end":{"line":50,"column":9}},{"start":{},"end":{}}],"line":48},"4":{"loc":{"start":{"line":48,"column":12},"end":{"line":48,"column":34}},"type":"binary-expr","locations":[{"start":{"line":48,"column":12},"end":{"line":48,"column":20}},{"start":{"line":48,"column":24},"end":{"line":48,"column":34}}],"line":48}},"s":{"0":0,"1":0,"2":0,"3":0,"4":0,"5":0,"6":0,"7":0,"8":0,"9":0,"10":0,"11":0,"12":0,"13":0,"14":0,"15":0,"16":0,"17":0,"18":0,"19":0,"20":0,"21":0,"22":0,"23":0,"24":0,"25":0},"f":{"0":0,"1":0,"2":0},"b":{"0":[0,0],"1":[0,0],"2":[0,0],"3":[0,0],"4":[0,0]}}
,"D:\\FYP Final Year Project\\backend\\src\\controllers\\auth.controller.js": {"path":"D:\\FYP Final Year Project\\backend\\src\\controllers\\auth.controller.js","statementMap":{"0":{"start":{"line":7,"column":24},"end":{"line":42,"column":1}},"1":{"start":{"line":8,"column":4},"end":{"line":41,"column":5}},"2":{"start":{"line":9,"column":70},"end":{"line":9,"column":78}},"3":{"start":{"line":12,"column":8},"end":{"line":14,"column":9}},"4":{"start":{"line":13,"column":12},"end":{"line":13,"column":91}},"5":{"start":{"line":16,"column":29},"end":{"line":16,"column":83}},"6":{"start":{"line":17,"column":8},"end":{"line":22,"column":9}},"7":{"start":{"line":18,"column":12},"end":{"line":20,"column":13}},"8":{"start":{"line":19,"column":16},"end":{"line":19,"column":85}},"9":{"start":{"line":21,"column":12},"end":{"line":21,"column":79}},"10":{"start":{"line":24,"column":21},"end":{"line":24,"column":45}},"11":{"start":{"line":25,"column":31},"end":{"line":25,"column":64}},"12":{"start":{"line":27,"column":24},"end":{"line":34,"column":10}},"13":{"start":{"line":36,"column":8},"end":{"line":36,"column":29}},"14":{"start":{"line":38,"column":8},"end":{"line":38,"column":74}},"15":{"start":{"line":40,"column":8},"end":{"line":40,"column":80}},"16":{"start":{"line":44,"column":21},"end":{"line":93,"column":1}},"17":{"start":{"line":45,"column":4},"end":{"line":92,"column":5}},"18":{"start":{"line":46,"column":36},"end":{"line":46,"column":44}},"19":{"start":{"line":48,"column":8},"end":{"line":50,"column":9}},"20":{"start":{"line":49,"column":12},"end":{"line":49,"column":90}},"21":{"start":{"line":52,"column":21},"end":{"line":52,"column":50}},"22":{"start":{"line":53,"column":8},"end":{"line":55,"column":9}},"23":{"start":{"line":54,"column":12},"end":{"line":54,"column":84}},"24":{"start":{"line":57,"column":24},"end":{"line":57,"column":69}},"25":{"start":{"line":58,"column":8},"end":{"line":60,"column":9}},"26":{"start":{"line":59,"column":12},"end":{"line":59,"column":84}},"27":{"start":{"line":62,"column":22},"end":{"line":66,"column":9}},"28":{"start":{"line":68,"column":8},"end":{"line":73,"column":11}},"29":{"start":{"line":75,"column":8},"end":{"line":89,"column":11}},"30":{"start":{"line":91,"column":8},"end":{"line":91,"column":80}},"31":{"start":{"line":95,"column":22},"end":{"line":98,"column":1}},"32":{"start":{"line":96,"column":4},"end":{"line":96,"column":29}},"33":{"start":{"line":97,"column":4},"end":{"line":97,"column":65}},"34":{"start":{"line":101,"column":30},"end":{"line":146,"column":1}},"35":{"start":{"line":102,"column":4},"end":{"line":145,"column":5}},"36":{"start":{"line":103,"column":26},"end":{"line":103,"column":34}},"37":{"start":{"line":105,"column":8},"end":{"line":107,"column":9}},"38":{"start":{"line":106,"column":12},"end":{"line":106,"column":74}},"39":{"start":{"line":109,"column":21},"end":{"line":109,"column":50}},"40":{"start":{"line":111,"column":8},"end":{"line":113,"column":9}},"41":{"start":{"line":112,"column":12},"end":{"line":112,"column":71}},"42":{"start":{"line":116,"column":20},"end":{"line":116,"column":74}},"43":{"start":{"line":119,"column":8},"end":{"line":122,"column":27}},"44":{"start":{"line":125,"column":8},"end":{"line":125,"column":63}},"45":{"start":{"line":127,"column":8},"end":{"line":127,"column":26}},"46":{"start":{"line":130,"column":8},"end":{"line":134,"column":11}},"47":{"start":{"line":136,"column":8},"end":{"line":138,"column":11}},"48":{"start":{"line":141,"column":8},"end":{"line":144,"column":11}},"49":{"start":{"line":148,"column":29},"end":{"line":197,"column":1}},"50":{"start":{"line":149,"column":4},"end":{"line":196,"column":5}},"51":{"start":{"line":150,"column":26},"end":{"line":150,"column":36}},"52":{"start":{"line":151,"column":29},"end":{"line":151,"column":37}},"53":{"start":{"line":153,"column":8},"end":{"line":155,"column":9}},"54":{"start":{"line":154,"column":12},"end":{"line":154,"column":77}},"55":{"start":{"line":158,"column":28},"end":{"line":161,"column":26}},"56":{"start":{"line":164,"column":21},"end":{"line":167,"column":10}},"57":{"start":{"line":169,"column":8},"end":{"line":173,"column":9}},"58":{"start":{"line":170,"column":12},"end":{"line":172,"column":15}},"59":{"start":{"line":175,"column":21},"end":{"line":175,"column":45}},"60":{"start":{"line":176,"column":31},"end":{"line":176,"column":64}},"61":{"start":{"line":179,"column":8},"end":{"line":179,"column":39}},"62":{"start":{"line":182,"column":8},"end":{"line":182,"column":44}},"63":{"start":{"line":183,"column":8},"end":{"line":183,"column":45}},"64":{"start":{"line":185,"column":8},"end":{"line":185,"column":26}},"65":{"start":{"line":187,"column":8},"end":{"line":189,"column":11}},"66":{"start":{"line":192,"column":8},"end":{"line":195,"column":11}},"67":{"start":{"line":199,"column":36},"end":{"line":248,"column":1}},"68":{"start":{"line":200,"column":4},"end":{"line":247,"column":5}},"69":{"start":{"line":201,"column":41},"end":{"line":201,"column":49}},"70":{"start":{"line":203,"column":8},"end":{"line":205,"column":9}},"71":{"start":{"line":204,"column":12},"end":{"line":204,"column":97}},"72":{"start":{"line":208,"column":26},"end":{"line":211,"column":26}},"73":{"start":{"line":214,"column":21},"end":{"line":218,"column":10}},"74":{"start":{"line":220,"column":8},"end":{"line":224,"column":9}},"75":{"start":{"line":221,"column":12},"end":{"line":223,"column":15}},"76":{"start":{"line":226,"column":21},"end":{"line":226,"column":45}},"77":{"start":{"line":227,"column":31},"end":{"line":227,"column":64}},"78":{"start":{"line":230,"column":8},"end":{"line":230,"column":39}},"79":{"start":{"line":233,"column":8},"end":{"line":233,"column":44}},"80":{"start":{"line":234,"column":8},"end":{"line":234,"column":45}},"81":{"start":{"line":236,"column":8},"end":{"line":236,"column":26}},"82":{"start":{"line":238,"column":8},"end":{"line":240,"column":11}},"83":{"start":{"line":243,"column":8},"end":{"line":246,"column":11}}},"fnMap":{"0":{"name":"(anonymous_0)","decl":{"start":{"line":7,"column":24},"end":{"line":7,"column":25}},"loc":{"start":{"line":7,"column":44},"end":{"line":42,"column":1}},"line":7},"1":{"name":"(anonymous_1)","decl":{"start":{"line":44,"column":21},"end":{"line":44,"column":22}},"loc":{"start":{"line":44,"column":41},"end":{"line":93,"column":1}},"line":44},"2":{"name":"(anonymous_2)","decl":{"start":{"line":95,"column":22},"end":{"line":95,"column":23}},"loc":{"start":{"line":95,"column":36},"end":{"line":98,"column":1}},"line":95},"3":{"name":"(anonymous_3)","decl":{"start":{"line":101,"column":30},"end":{"line":101,"column":31}},"loc":{"start":{"line":101,"column":50},"end":{"line":146,"column":1}},"line":101},"4":{"name":"(anonymous_4)","decl":{"start":{"line":148,"column":29},"end":{"line":148,"column":30}},"loc":{"start":{"line":148,"column":49},"end":{"line":197,"column":1}},"line":148},"5":{"name":"(anonymous_5)","decl":{"start":{"line":199,"column":36},"end":{"line":199,"column":37}},"loc":{"start":{"line":199,"column":56},"end":{"line":248,"column":1}},"line":199}},"branchMap":{"0":{"loc":{"start":{"line":12,"column":8},"end":{"line":14,"column":9}},"type":"if","locations":[{"start":{"line":12,"column":8},"end":{"line":14,"column":9}},{"start":{},"end":{}}],"line":12},"1":{"loc":{"start":{"line":12,"column":12},"end":{"line":12,"column":44}},"type":"binary-expr","locations":[{"start":{"line":12,"column":12},"end":{"line":12,"column":21}},{"start":{"line":12,"column":25},"end":{"line":12,"column":31}},{"start":{"line":12,"column":35},"end":{"line":12,"column":44}}],"line":12},"2":{"loc":{"start":{"line":17,"column":8},"end":{"line":22,"column":9}},"type":"if","locations":[{"start":{"line":17,"column":8},"end":{"line":22,"column":9}},{"start":{},"end":{}}],"line":17},"3":{"loc":{"start":{"line":18,"column":12},"end":{"line":20,"column":13}},"type":"if","locations":[{"start":{"line":18,"column":12},"end":{"line":20,"column":13}},{"start":{},"end":{}}],"line":18},"4":{"loc":{"start":{"line":31,"column":18},"end":{"line":31,"column":35}},"type":"binary-expr","locations":[{"start":{"line":31,"column":18},"end":{"line":31,"column":22}},{"start":{"line":31,"column":26},"end":{"line":31,"column":35}}],"line":31},"5":{"loc":{"start":{"line":32,"column":24},"end":{"line":32,"column":40}},"type":"binary-expr","locations":[{"start":{"line":32,"column":24},"end":{"line":32,"column":34}},{"start":{"line":32,"column":38},"end":{"line":32,"column":40}}],"line":32},"6":{"loc":{"start":{"line":33,"column":18},"end":{"line":33,"column":28}},"type":"binary-expr","locations":[{"start":{"line":33,"column":18},"end":{"line":33,"column":22}},{"start":{"line":33,"column":26},"end":{"line":33,"column":28}}],"line":33},"7":{"loc":{"start":{"line":48,"column":8},"end":{"line":50,"column":9}},"type":"if","locations":[{"start":{"line":48,"column":8},"end":{"line":50,"column":9}},{"start":{},"end":{}}],"line":48},"8":{"loc":{"start":{"line":48,"column":12},"end":{"line":48,"column":31}},"type":"binary-expr","locations":[{"start":{"line":48,"column":12},"end":{"line":48,"column":18}},{"start":{"line":48,"column":22},"end":{"line":48,"column":31}}],"line":48},"9":{"loc":{"start":{"line":53,"column":8},"end":{"line":55,"column":9}},"type":"if","locations":[{"start":{"line":53,"column":8},"end":{"line":55,"column":9}},{"start":{},"end":{}}],"line":53},"10":{"loc":{"start":{"line":58,"column":8},"end":{"line":60,"column":9}},"type":"if","locations":[{"start":{"line":58,"column":8},"end":{"line":60,"column":9}},{"start":{},"end":{}}],"line":58},"11":{"loc":{"start":{"line":64,"column":12},"end":{"line":64,"column":52}},"type":"binary-expr","locations":[{"start":{"line":64,"column":12},"end":{"line":64,"column":34}},{"start":{"line":64,"column":38},"end":{"line":64,"column":52}}],"line":64},"12":{"loc":{"start":{"line":105,"column":8},"end":{"line":107,"column":9}},"type":"if","locations":[{"start":{"line":105,"column":8},"end":{"line":107,"column":9}},{"start":{},"end":{}}],"line":105},"13":{"loc":{"start":{"line":111,"column":8},"end":{"line":113,"column":9}},"type":"if","locations":[{"start":{"line":111,"column":8},"end":{"line":113,"column":9}},{"start":{},"end":{}}],"line":111},"14":{"loc":{"start":{"line":153,"column":8},"end":{"line":155,"column":9}},"type":"if","locations":[{"start":{"line":153,"column":8},"end":{"line":155,"column":9}},{"start":{},"end":{}}],"line":153},"15":{"loc":{"start":{"line":169,"column":8},"end":{"line":173,"column":9}},"type":"if","locations":[{"start":{"line":169,"column":8},"end":{"line":173,"column":9}},{"start":{},"end":{}}],"line":169},"16":{"loc":{"start":{"line":203,"column":8},"end":{"line":205,"column":9}},"type":"if","locations":[{"start":{"line":203,"column":8},"end":{"line":205,"column":9}},{"start":{},"end":{}}],"line":203},"17":{"loc":{"start":{"line":203,"column":12},"end":{"line":203,"column":39}},"type":"binary-expr","locations":[{"start":{"line":203,"column":12},"end":{"line":203,"column":18}},{"start":{"line":203,"column":22},"end":{"line":203,"column":26}},{"start":{"line":203,"column":30},"end":{"line":203,"column":39}}],"line":203},"18":{"loc":{"start":{"line":220,"column":8},"end":{"line":224,"column":9}},"type":"if","locations":[{"start":{"line":220,"column":8},"end":{"line":224,"column":9}},{"start":{},"end":{}}],"line":220}},"s":{"0":0,"1":0,"2":0,"3":0,"4":0,"5":0,"6":0,"7":0,"8":0,"9":0,"10":0,"11":0,"12":0,"13":0,"14":0,"15":0,"16":0,"17":0,"18":0,"19":0,"20":0,"21":0,"22":0,"23":0,"24":0,"25":0,"26":0,"27":0,"28":0,"29":0,"30":0,"31":0,"32":0,"33":0,"34":0,"35":0,"36":0,"37":0,"38":0,"39":0,"40":0,"41":0,"42":0,"43":0,"44":0,"45":0,"46":0,"47":0,"48":0,"49":0,"50":0,"51":0,"52":0,"53":0,"54":0,"55":0,"56":0,"57":0,"58":0,"59":0,"60":0,"61":0,"62":0,"63":0,"64":0,"65":0,"66":0,"67":0,"68":0,"69":0,"70":0,"71":0,"72":0,"73":0,"74":0,"75":0,"76":0,"77":0,"78":0,"79":0,"80":0,"81":0,"82":0,"83":0},"f":{"0":0,"1":0,"2":0,"3":0,"4":0,"5":0},"b":{"0":[0,0],"1":[0,0,0],"2":[0,0],"3":[0,0],"4":[0,0],"5":[0,0],"6":[0,0],"7":[0,0],"8":[0,0],"9":[0,0],"10":[0,0],"11":[0,0],"12":[0,0],"13":[0,0],"14":[0,0],"15":[0,0],"16":[0,0],"17":[0,0,0],"18":[0,0]}}
,"D:\\FYP Final Year Project\\backend\\src\\controllers\\event.controller.js": {"path":"D:\\FYP Final Year Project\\backend\\src\\controllers\\event.controller.js","statementMap":{"0":{"start":{"line":4,"column":22},"end":{"line":8,"column":1}},"1":{"start":{"line":5,"column":17},"end":{"line":5,"column":36}},"2":{"start":{"line":6,"column":4},"end":{"line":6,"column":30}},"3":{"start":{"line":7,"column":4},"end":{"line":7,"column":16}},"4":{"start":{"line":10,"column":25},"end":{"line":18,"column":1}},"5":{"start":{"line":11,"column":21},"end":{"line":11,"column":45}},"6":{"start":{"line":12,"column":33},"end":{"line":12,"column":67}},"7":{"start":{"line":13,"column":18},"end":{"line":13,"column":72}},"8":{"start":{"line":14,"column":20},"end":{"line":14,"column":78}},"9":{"start":{"line":16,"column":4},"end":{"line":16,"column":44}},"10":{"start":{"line":17,"column":4},"end":{"line":17,"column":20}},"11":{"start":{"line":20,"column":21},"end":{"line":20,"column":81}},"12":{"start":{"line":20,"column":37},"end":{"line":20,"column":81}},"13":{"start":{"line":22,"column":27},"end":{"line":71,"column":1}},"14":{"start":{"line":23,"column":4},"end":{"line":70,"column":5}},"15":{"start":{"line":24,"column":61},"end":{"line":24,"column":69}},"16":{"start":{"line":25,"column":20},"end":{"line":25,"column":22}},"17":{"start":{"line":27,"column":31},"end":{"line":27,"column":50}},"18":{"start":{"line":28,"column":32},"end":{"line":28,"column":52}},"19":{"start":{"line":29,"column":35},"end":{"line":29,"column":58}},"20":{"start":{"line":30,"column":31},"end":{"line":30,"column":50}},"21":{"start":{"line":32,"column":31},"end":{"line":38,"column":10}},"22":{"start":{"line":40,"column":8},"end":{"line":42,"column":9}},"23":{"start":{"line":41,"column":12},"end":{"line":41,"column":82}},"24":{"start":{"line":44,"column":8},"end":{"line":52,"column":9}},"25":{"start":{"line":45,"column":12},"end":{"line":51,"column":13}},"26":{"start":{"line":46,"column":31},"end":{"line":46,"column":96}},"27":{"start":{"line":47,"column":16},"end":{"line":47,"column":35}},"28":{"start":{"line":49,"column":16},"end":{"line":49,"column":72}},"29":{"start":{"line":50,"column":16},"end":{"line":50,"column":80}},"30":{"start":{"line":54,"column":25},"end":{"line":64,"column":10}},"31":{"start":{"line":66,"column":8},"end":{"line":66,"column":30}},"32":{"start":{"line":67,"column":8},"end":{"line":67,"column":39}},"33":{"start":{"line":69,"column":8},"end":{"line":69,"column":80}},"34":{"start":{"line":73,"column":25},"end":{"line":101,"column":1}},"35":{"start":{"line":74,"column":4},"end":{"line":100,"column":5}},"36":{"start":{"line":75,"column":20},"end":{"line":75,"column":30}},"37":{"start":{"line":78,"column":8},"end":{"line":78,"column":61}},"38":{"start":{"line":81,"column":29},"end":{"line":83,"column":19}},"39":{"start":{"line":85,"column":32},"end":{"line":87,"column":38}},"40":{"start":{"line":86,"column":31},"end":{"line":86,"column":78}},"41":{"start":{"line":87,"column":28},"end":{"line":87,"column":37}},"42":{"start":{"line":89,"column":8},"end":{"line":91,"column":9}},"43":{"start":{"line":90,"column":12},"end":{"line":90,"column":70}},"44":{"start":{"line":94,"column":23},"end":{"line":96,"column":46}},"45":{"start":{"line":97,"column":8},"end":{"line":97,"column":25}},"46":{"start":{"line":99,"column":8},"end":{"line":99,"column":80}},"47":{"start":{"line":103,"column":27},"end":{"line":121,"column":1}},"48":{"start":{"line":104,"column":4},"end":{"line":120,"column":5}},"49":{"start":{"line":105,"column":22},"end":{"line":105,"column":57}},"50":{"start":{"line":107,"column":8},"end":{"line":109,"column":9}},"51":{"start":{"line":108,"column":12},"end":{"line":108,"column":72}},"52":{"start":{"line":116,"column":8},"end":{"line":116,"column":32}},"53":{"start":{"line":117,"column":8},"end":{"line":117,"column":47}},"54":{"start":{"line":119,"column":8},"end":{"line":119,"column":80}},"55":{"start":{"line":122,"column":27},"end":{"line":169,"column":1}},"56":{"start":{"line":123,"column":4},"end":{"line":168,"column":5}},"57":{"start":{"line":124,"column":61},"end":{"line":124,"column":69}},"58":{"start":{"line":125,"column":22},"end":{"line":125,"column":57}},"59":{"start":{"line":127,"column":8},"end":{"line":129,"column":9}},"60":{"start":{"line":128,"column":12},"end":{"line":128,"column":72}},"61":{"start":{"line":134,"column":26},"end":{"line":134,"column":61}},"62":{"start":{"line":135,"column":29},"end":{"line":135,"column":70}},"63":{"start":{"line":136,"column":25},"end":{"line":136,"column":58}},"64":{"start":{"line":137,"column":25},"end":{"line":137,"column":58}},"65":{"start":{"line":139,"column":31},"end":{"line":146,"column":10}},"66":{"start":{"line":148,"column":8},"end":{"line":150,"column":9}},"67":{"start":{"line":149,"column":12},"end":{"line":149,"column":103}},"68":{"start":{"line":152,"column":8},"end":{"line":152,"column":32}},"69":{"start":{"line":153,"column":8},"end":{"line":153,"column":61}},"70":{"start":{"line":154,"column":8},"end":{"line":154,"column":30}},"71":{"start":{"line":155,"column":8},"end":{"line":155,"column":30}},"72":{"start":{"line":156,"column":8},"end":{"line":156,"column":38}},"73":{"start":{"line":157,"column":8},"end":{"line":157,"column":63}},"74":{"start":{"line":159,"column":8},"end":{"line":162,"column":9}},"75":{"start":{"line":160,"column":27},"end":{"line":160,"column":92}},"76":{"start":{"line":161,"column":12},"end":{"line":161,"column":37}},"77":{"start":{"line":164,"column":8},"end":{"line":164,"column":27}},"78":{"start":{"line":165,"column":8},"end":{"line":165,"column":24}},"79":{"start":{"line":167,"column":8},"end":{"line":167,"column":80}},"80":{"start":{"line":171,"column":27},"end":{"line":186,"column":1}},"81":{"start":{"line":172,"column":4},"end":{"line":185,"column":5}},"82":{"start":{"line":173,"column":22},"end":{"line":173,"column":57}},"83":{"start":{"line":175,"column":8},"end":{"line":177,"column":9}},"84":{"start":{"line":176,"column":12},"end":{"line":176,"column":72}},"85":{"start":{"line":179,"column":8},"end":{"line":179,"column":35}},"86":{"start":{"line":180,"column":8},"end":{"line":180,"column":27}},"87":{"start":{"line":182,"column":8},"end":{"line":182,"column":69}},"88":{"start":{"line":184,"column":8},"end":{"line":184,"column":87}}},"fnMap":{"0":{"name":"(anonymous_0)","decl":{"start":{"line":4,"column":22},"end":{"line":4,"column":23}},"loc":{"start":{"line":4,"column":37},"end":{"line":8,"column":1}},"line":4},"1":{"name":"(anonymous_1)","decl":{"start":{"line":10,"column":25},"end":{"line":10,"column":26}},"loc":{"start":{"line":10,"column":51},"end":{"line":18,"column":1}},"line":10},"2":{"name":"(anonymous_2)","decl":{"start":{"line":20,"column":21},"end":{"line":20,"column":22}},"loc":{"start":{"line":20,"column":37},"end":{"line":20,"column":81}},"line":20},"3":{"name":"(anonymous_3)","decl":{"start":{"line":22,"column":27},"end":{"line":22,"column":28}},"loc":{"start":{"line":22,"column":47},"end":{"line":71,"column":1}},"line":22},"4":{"name":"(anonymous_4)","decl":{"start":{"line":73,"column":25},"end":{"line":73,"column":26}},"loc":{"start":{"line":73,"column":45},"end":{"line":101,"column":1}},"line":73},"5":{"name":"(anonymous_5)","decl":{"start":{"line":86,"column":20},"end":{"line":86,"column":21}},"loc":{"start":{"line":86,"column":31},"end":{"line":86,"column":78}},"line":86},"6":{"name":"(anonymous_6)","decl":{"start":{"line":87,"column":17},"end":{"line":87,"column":18}},"loc":{"start":{"line":87,"column":28},"end":{"line":87,"column":37}},"line":87},"7":{"name":"(anonymous_7)","decl":{"start":{"line":103,"column":27},"end":{"line":103,"column":28}},"loc":{"start":{"line":103,"column":47},"end":{"line":121,"column":1}},"line":103},"8":{"name":"(anonymous_8)","decl":{"start":{"line":122,"column":27},"end":{"line":122,"column":28}},"loc":{"start":{"line":122,"column":47},"end":{"line":169,"column":1}},"line":122},"9":{"name":"(anonymous_9)","decl":{"start":{"line":171,"column":27},"end":{"line":171,"column":28}},"loc":{"start":{"line":171,"column":47},"end":{"line":186,"column":1}},"line":171}},"branchMap":{"0":{"loc":{"start":{"line":12,"column":40},"end":{"line":12,"column":55}},"type":"binary-expr","locations":[{"start":{"line":12,"column":40},"end":{"line":12,"column":49}},{"start":{"line":12,"column":53},"end":{"line":12,"column":55}}],"line":12},"1":{"loc":{"start":{"line":13,"column":18},"end":{"line":13,"column":72}},"type":"cond-expr","locations":[{"start":{"line":13,"column":53},"end":{"line":13,"column":68}},{"start":{"line":13,"column":71},"end":{"line":13,"column":72}}],"line":13},"2":{"loc":{"start":{"line":14,"column":20},"end":{"line":14,"column":78}},"type":"cond-expr","locations":[{"start":{"line":14,"column":57},"end":{"line":14,"column":74}},{"start":{"line":14,"column":77},"end":{"line":14,"column":78}}],"line":14},"3":{"loc":{"start":{"line":20,"column":22},"end":{"line":20,"column":32}},"type":"default-arg","locations":[{"start":{"line":20,"column":30},"end":{"line":20,"column":32}}],"line":20},"4":{"loc":{"start":{"line":28,"column":33},"end":{"line":28,"column":44}},"type":"binary-expr","locations":[{"start":{"line":28,"column":33},"end":{"line":28,"column":38}},{"start":{"line":28,"column":42},"end":{"line":28,"column":44}}],"line":28},"5":{"loc":{"start":{"line":29,"column":36},"end":{"line":29,"column":50}},"type":"binary-expr","locations":[{"start":{"line":29,"column":36},"end":{"line":29,"column":44}},{"start":{"line":29,"column":48},"end":{"line":29,"column":50}}],"line":29},"6":{"loc":{"start":{"line":30,"column":32},"end":{"line":30,"column":42}},"type":"binary-expr","locations":[{"start":{"line":30,"column":32},"end":{"line":30,"column":36}},{"start":{"line":30,"column":40},"end":{"line":30,"column":42}}],"line":30},"7":{"loc":{"start":{"line":40,"column":8},"end":{"line":42,"column":9}},"type":"if","locations":[{"start":{"line":40,"column":8},"end":{"line":42,"column":9}},{"start":{},"end":{}}],"line":40},"8":{"loc":{"start":{"line":44,"column":8},"end":{"line":52,"column":9}},"type":"if","locations":[{"start":{"line":44,"column":8},"end":{"line":52,"column":9}},{"start":{},"end":{}}],"line":44},"9":{"loc":{"start":{"line":89,"column":8},"end":{"line":91,"column":9}},"type":"if","locations":[{"start":{"line":89,"column":8},"end":{"line":91,"column":9}},{"start":{},"end":{}}],"line":89},"10":{"loc":{"start":{"line":107,"column":8},"end":{"line":109,"column":9}},"type":"if","locations":[{"start":{"line":107,"column":8},"end":{"line":109,"column":9}},{"start":{},"end":{}}],"line":107},"11":{"loc":{"start":{"line":127,"column":8},"end":{"line":129,"column":9}},"type":"if","locations":[{"start":{"line":127,"column":8},"end":{"line":129,"column":9}},{"start":{},"end":{}}],"line":127},"12":{"loc":{"start":{"line":134,"column":27},"end":{"line":134,"column":53}},"type":"binary-expr","locations":[{"start":{"line":134,"column":27},"end":{"line":134,"column":32}},{"start":{"line":134,"column":36},"end":{"line":134,"column":47}},{"start":{"line":134,"column":51},"end":{"line":134,"column":53}}],"line":134},"13":{"loc":{"start":{"line":135,"column":30},"end":{"line":135,"column":62}},"type":"binary-expr","locations":[{"start":{"line":135,"column":30},"end":{"line":135,"column":38}},{"start":{"line":135,"column":42},"end":{"line":135,"column":56}},{"start":{"line":135,"column":60},"end":{"line":135,"column":62}}],"line":135},"14":{"loc":{"start":{"line":136,"column":26},"end":{"line":136,"column":50}},"type":"binary-expr","locations":[{"start":{"line":136,"column":26},"end":{"line":136,"column":30}},{"start":{"line":136,"column":34},"end":{"line":136,"column":44}},{"start":{"line":136,"column":48},"end":{"line":136,"column":50}}],"line":136},"15":{"loc":{"start":{"line":137,"column":39},"end":{"line":137,"column":57}},"type":"binary-expr","locations":[{"start":{"line":137,"column":39},"end":{"line":137,"column":43}},{"start":{"line":137,"column":47},"end":{"line":137,"column":57}}],"line":137},"16":{"loc":{"start":{"line":148,"column":8},"end":{"line":150,"column":9}},"type":"if","locations":[{"start":{"line":148,"column":8},"end":{"line":150,"column":9}},{"start":{},"end":{}}],"line":148},"17":{"loc":{"start":{"line":153,"column":28},"end":{"line":153,"column":60}},"type":"binary-expr","locations":[{"start":{"line":153,"column":28},"end":{"line":153,"column":39}},{"start":{"line":153,"column":43},"end":{"line":153,"column":60}}],"line":153},"18":{"loc":{"start":{"line":159,"column":8},"end":{"line":162,"column":9}},"type":"if","locations":[{"start":{"line":159,"column":8},"end":{"line":162,"column":9}},{"start":{},"end":{}}],"line":159},"19":{"loc":{"start":{"line":175,"column":8},"end":{"line":177,"column":9}},"type":"if","locations":[{"start":{"line":175,"column":8},"end":{"line":177,"column":9}},{"start":{},"end":{}}],"line":175}},"s":{"0":0,"1":0,"2":0,"3":0,"4":0,"5":0,"6":0,"7":0,"8":0,"9":0,"10":0,"11":0,"12":0,"13":0,"14":0,"15":0,"16":0,"17":0,"18":0,"19":0,"20":0,"21":0,"22":0,"23":0,"24":0,"25":0,"26":0,"27":0,"28":0,"29":0,"30":0,"31":0,"32":0,"33":0,"34":0,"35":0,"36":0,"37":0,"38":0,"39":0,"40":0,"41":0,"42":0,"43":0,"44":0,"45":0,"46":0,"47":0,"48":0,"49":0,"50":0,"51":0,"52":0,"53":0,"54":0,"55":0,"56":0,"57":0,"58":0,"59":0,"60":0,"61":0,"62":0,"63":0,"64":0,"65":0,"66":0,"67":0,"68":0,"69":0,"70":0,"71":0,"72":0,"73":0,"74":0,"75":0,"76":0,"77":0,"78":0,"79":0,"80":0,"81":0,"82":0,"83":0,"84":0,"85":0,"86":0,"87":0,"88":0},"f":{"0":0,"1":0,"2":0,"3":0,"4":0,"5":0,"6":0,"7":0,"8":0,"9":0},"b":{"0":[0,0],"1":[0,0],"2":[0,0],"3":[0],"4":[0,0],"5":[0,0],"6":[0,0],"7":[0,0],"8":[0,0],"9":[0,0],"10":[0,0],"11":[0,0],"12":[0,0,0],"13":[0,0,0],"14":[0,0,0],"15":[0,0],"16":[0,0],"17":[0,0],"18":[0,0],"19":[0,0]}}
,"D:\\FYP Final Year Project\\backend\\src\\controllers\\message.controller.js": {"path":"D:\\FYP Final Year Project\\backend\\src\\controllers\\message.controller.js","statementMap":{"0":{"start":{"line":6,"column":27},"end":{"line":74,"column":1}},"1":{"start":{"line":7,"column":4},"end":{"line":73,"column":5}},"2":{"start":{"line":8,"column":25},"end":{"line":8,"column":33}},"3":{"start":{"line":9,"column":35},"end":{"line":9,"column":45}},"4":{"start":{"line":10,"column":25},"end":{"line":10,"column":36}},"5":{"start":{"line":12,"column":8},"end":{"line":12,"column":115}},"6":{"start":{"line":14,"column":22},"end":{"line":14,"column":24}},"7":{"start":{"line":15,"column":23},"end":{"line":15,"column":25}},"8":{"start":{"line":18,"column":8},"end":{"line":29,"column":9}},"9":{"start":{"line":19,"column":12},"end":{"line":28,"column":13}},"10":{"start":{"line":20,"column":16},"end":{"line":20,"column":108}},"11":{"start":{"line":21,"column":31},"end":{"line":21,"column":98}},"12":{"start":{"line":22,"column":16},"end":{"line":22,"column":37}},"13":{"start":{"line":23,"column":16},"end":{"line":23,"column":49}},"14":{"start":{"line":24,"column":16},"end":{"line":24,"column":68}},"15":{"start":{"line":26,"column":16},"end":{"line":26,"column":65}},"16":{"start":{"line":27,"column":16},"end":{"line":27,"column":101}},"17":{"start":{"line":31,"column":8},"end":{"line":33,"column":9}},"18":{"start":{"line":32,"column":12},"end":{"line":32,"column":80}},"19":{"start":{"line":35,"column":27},"end":{"line":41,"column":10}},"20":{"start":{"line":43,"column":8},"end":{"line":43,"column":32}},"21":{"start":{"line":44,"column":8},"end":{"line":44,"column":87}},"22":{"start":{"line":47,"column":8},"end":{"line":60,"column":9}},"23":{"start":{"line":48,"column":36},"end":{"line":54,"column":14}},"24":{"start":{"line":55,"column":12},"end":{"line":55,"column":41}},"25":{"start":{"line":57,"column":12},"end":{"line":59,"column":13}},"26":{"start":{"line":58,"column":16},"end":{"line":58,"column":76}},"27":{"start":{"line":62,"column":8},"end":{"line":67,"column":9}},"28":{"start":{"line":63,"column":12},"end":{"line":66,"column":15}},"29":{"start":{"line":69,"column":8},"end":{"line":69,"column":41}},"30":{"start":{"line":71,"column":8},"end":{"line":71,"column":52}},"31":{"start":{"line":72,"column":8},"end":{"line":72,"column":80}},"32":{"start":{"line":76,"column":27},"end":{"line":106,"column":1}},"33":{"start":{"line":77,"column":4},"end":{"line":105,"column":5}},"34":{"start":{"line":78,"column":37},"end":{"line":78,"column":47}},"35":{"start":{"line":79,"column":25},"end":{"line":79,"column":36}},"36":{"start":{"line":81,"column":8},"end":{"line":88,"column":10}},"37":{"start":{"line":90,"column":25},"end":{"line":100,"column":33}},"38":{"start":{"line":102,"column":8},"end":{"line":102,"column":27}},"39":{"start":{"line":104,"column":8},"end":{"line":104,"column":80}},"40":{"start":{"line":108,"column":32},"end":{"line":178,"column":1}},"41":{"start":{"line":109,"column":4},"end":{"line":177,"column":5}},"42":{"start":{"line":110,"column":30},"end":{"line":110,"column":41}},"43":{"start":{"line":112,"column":25},"end":{"line":120,"column":19}},"44":{"start":{"line":122,"column":29},"end":{"line":122,"column":38}},"45":{"start":{"line":123,"column":8},"end":{"line":131,"column":9}},"46":{"start":{"line":124,"column":32},"end":{"line":126,"column":39}},"47":{"start":{"line":128,"column":12},"end":{"line":130,"column":13}},"48":{"start":{"line":129,"column":16},"end":{"line":129,"column":61}},"49":{"start":{"line":133,"column":22},"end":{"line":135,"column":19}},"50":{"start":{"line":137,"column":26},"end":{"line":151,"column":10}},"51":{"start":{"line":153,"column":31},"end":{"line":155,"column":9}},"52":{"start":{"line":154,"column":36},"end":{"line":154,"column":69}},"53":{"start":{"line":157,"column":8},"end":{"line":167,"column":11}},"54":{"start":{"line":158,"column":26},"end":{"line":158,"column":60}},"55":{"start":{"line":159,"column":26},"end":{"line":159,"column":60}},"56":{"start":{"line":161,"column":12},"end":{"line":163,"column":13}},"57":{"start":{"line":162,"column":16},"end":{"line":162,"column":57}},"58":{"start":{"line":164,"column":12},"end":{"line":164,"column":33}},"59":{"start":{"line":164,"column":23},"end":{"line":164,"column":33}},"60":{"start":{"line":165,"column":12},"end":{"line":165,"column":32}},"61":{"start":{"line":165,"column":23},"end":{"line":165,"column":32}},"62":{"start":{"line":166,"column":12},"end":{"line":166,"column":56}},"63":{"start":{"line":169,"column":32},"end":{"line":172,"column":11}},"64":{"start":{"line":169,"column":50},"end":{"line":172,"column":9}},"65":{"start":{"line":174,"column":8},"end":{"line":174,"column":34}},"66":{"start":{"line":176,"column":8},"end":{"line":176,"column":80}},"67":{"start":{"line":179,"column":29},"end":{"line":254,"column":1}},"68":{"start":{"line":180,"column":4},"end":{"line":253,"column":5}},"69":{"start":{"line":181,"column":23},"end":{"line":181,"column":33}},"70":{"start":{"line":182,"column":35},"end":{"line":182,"column":44}},"71":{"start":{"line":183,"column":24},"end":{"line":183,"column":50}},"72":{"start":{"line":185,"column":8},"end":{"line":187,"column":9}},"73":{"start":{"line":186,"column":12},"end":{"line":186,"column":74}},"74":{"start":{"line":189,"column":30},"end":{"line":189,"column":41}},"75":{"start":{"line":190,"column":25},"end":{"line":190,"column":50}},"76":{"start":{"line":191,"column":27},"end":{"line":191,"column":54}},"77":{"start":{"line":192,"column":24},"end":{"line":192,"column":71}},"78":{"start":{"line":193,"column":25},"end":{"line":193,"column":51}},"79":{"start":{"line":194,"column":27},"end":{"line":194,"column":55}},"80":{"start":{"line":197,"column":8},"end":{"line":199,"column":9}},"81":{"start":{"line":198,"column":12},"end":{"line":198,"column":76}},"82":{"start":{"line":201,"column":37},"end":{"line":214,"column":9}},"83":{"start":{"line":202,"column":12},"end":{"line":205,"column":13}},"84":{"start":{"line":202,"column":53},"end":{"line":202,"column":88}},"85":{"start":{"line":203,"column":16},"end":{"line":203,"column":55}},"86":{"start":{"line":204,"column":16},"end":{"line":204,"column":37}},"87":{"start":{"line":207,"column":12},"end":{"line":211,"column":13}},"88":{"start":{"line":208,"column":16},"end":{"line":210,"column":19}},"89":{"start":{"line":213,"column":12},"end":{"line":213,"column":68}},"90":{"start":{"line":216,"column":34},"end":{"line":232,"column":9}},"91":{"start":{"line":217,"column":12},"end":{"line":217,"column":38}},"92":{"start":{"line":219,"column":12},"end":{"line":229,"column":13}},"93":{"start":{"line":220,"column":16},"end":{"line":223,"column":19}},"94":{"start":{"line":225,"column":16},"end":{"line":228,"column":19}},"95":{"start":{"line":231,"column":12},"end":{"line":231,"column":72}},"96":{"start":{"line":234,"column":8},"end":{"line":239,"column":9}},"97":{"start":{"line":235,"column":12},"end":{"line":237,"column":13}},"98":{"start":{"line":236,"column":16},"end":{"line":236,"column":96}},"99":{"start":{"line":238,"column":12},"end":{"line":238,"column":39}},"100":{"start":{"line":241,"column":8},"end":{"line":243,"column":9}},"101":{"start":{"line":242,"column":12},"end":{"line":242,"column":42}},"102":{"start":{"line":246,"column":8},"end":{"line":248,"column":9}},"103":{"start":{"line":247,"column":12},"end":{"line":247,"column":39}},"104":{"start":{"line":250,"column":8},"end":{"line":250,"column":38}},"105":{"start":{"line":252,"column":8},"end":{"line":252,"column":80}}},"fnMap":{"0":{"name":"(anonymous_0)","decl":{"start":{"line":6,"column":27},"end":{"line":6,"column":28}},"loc":{"start":{"line":6,"column":47},"end":{"line":74,"column":1}},"line":6},"1":{"name":"(anonymous_1)","decl":{"start":{"line":76,"column":27},"end":{"line":76,"column":28}},"loc":{"start":{"line":76,"column":47},"end":{"line":106,"column":1}},"line":76},"2":{"name":"(anonymous_2)","decl":{"start":{"line":108,"column":32},"end":{"line":108,"column":33}},"loc":{"start":{"line":108,"column":52},"end":{"line":178,"column":1}},"line":108},"3":{"name":"(anonymous_3)","decl":{"start":{"line":154,"column":26},"end":{"line":154,"column":27}},"loc":{"start":{"line":154,"column":36},"end":{"line":154,"column":69}},"line":154},"4":{"name":"(anonymous_4)","decl":{"start":{"line":157,"column":19},"end":{"line":157,"column":20}},"loc":{"start":{"line":157,"column":29},"end":{"line":167,"column":9}},"line":157},"5":{"name":"(anonymous_5)","decl":{"start":{"line":169,"column":42},"end":{"line":169,"column":43}},"loc":{"start":{"line":169,"column":50},"end":{"line":172,"column":9}},"line":169},"6":{"name":"(anonymous_6)","decl":{"start":{"line":179,"column":29},"end":{"line":179,"column":30}},"loc":{"start":{"line":179,"column":49},"end":{"line":254,"column":1}},"line":179},"7":{"name":"(anonymous_7)","decl":{"start":{"line":201,"column":37},"end":{"line":201,"column":38}},"loc":{"start":{"line":201,"column":49},"end":{"line":214,"column":9}},"line":201},"8":{"name":"(anonymous_8)","decl":{"start":{"line":202,"column":41},"end":{"line":202,"column":42}},"loc":{"start":{"line":202,"column":53},"end":{"line":202,"column":88}},"line":202},"9":{"name":"(anonymous_9)","decl":{"start":{"line":216,"column":34},"end":{"line":216,"column":35}},"loc":{"start":{"line":216,"column":46},"end":{"line":232,"column":9}},"line":216}},"branchMap":{"0":{"loc":{"start":{"line":12,"column":47},"end":{"line":12,"column":76}},"type":"cond-expr","locations":[{"start":{"line":12,"column":58},"end":{"line":12,"column":67}},{"start":{"line":12,"column":70},"end":{"line":12,"column":76}}],"line":12},"1":{"loc":{"start":{"line":12,"column":87},"end":{"line":12,"column":113}},"type":"cond-expr","locations":[{"start":{"line":12,"column":94},"end":{"line":12,"column":103}},{"start":{"line":12,"column":106},"end":{"line":12,"column":113}}],"line":12},"2":{"loc":{"start":{"line":18,"column":8},"end":{"line":29,"column":9}},"type":"if","locations":[{"start":{"line":18,"column":8},"end":{"line":29,"column":9}},{"start":{},"end":{}}],"line":18},"3":{"loc":{"start":{"line":31,"column":8},"end":{"line":33,"column":9}},"type":"if","locations":[{"start":{"line":31,"column":8},"end":{"line":33,"column":9}},{"start":{},"end":{}}],"line":31},"4":{"loc":{"start":{"line":31,"column":12},"end":{"line":31,"column":29}},"type":"binary-expr","locations":[{"start":{"line":31,"column":12},"end":{"line":31,"column":17}},{"start":{"line":31,"column":21},"end":{"line":31,"column":29}}],"line":31},"5":{"loc":{"start":{"line":47,"column":8},"end":{"line":60,"column":9}},"type":"if","locations":[{"start":{"line":47,"column":8},"end":{"line":60,"column":9}},{"start":{},"end":{}}],"line":47},"6":{"loc":{"start":{"line":57,"column":12},"end":{"line":59,"column":13}},"type":"if","locations":[{"start":{"line":57,"column":12},"end":{"line":59,"column":13}},{"start":{},"end":{}}],"line":57},"7":{"loc":{"start":{"line":62,"column":8},"end":{"line":67,"column":9}},"type":"if","locations":[{"start":{"line":62,"column":8},"end":{"line":67,"column":9}},{"start":{},"end":{}}],"line":62},"8":{"loc":{"start":{"line":124,"column":32},"end":{"line":126,"column":39}},"type":"cond-expr","locations":[{"start":{"line":125,"column":18},"end":{"line":125,"column":41}},{"start":{"line":126,"column":18},"end":{"line":126,"column":39}}],"line":124},"9":{"loc":{"start":{"line":128,"column":12},"end":{"line":130,"column":13}},"type":"if","locations":[{"start":{"line":128,"column":12},"end":{"line":130,"column":13}},{"start":{},"end":{}}],"line":128},"10":{"loc":{"start":{"line":161,"column":12},"end":{"line":163,"column":13}},"type":"if","locations":[{"start":{"line":161,"column":12},"end":{"line":163,"column":13}},{"start":{},"end":{}}],"line":161},"11":{"loc":{"start":{"line":161,"column":16},"end":{"line":161,"column":30}},"type":"binary-expr","locations":[{"start":{"line":161,"column":16},"end":{"line":161,"column":21}},{"start":{"line":161,"column":25},"end":{"line":161,"column":30}}],"line":161},"12":{"loc":{"start":{"line":164,"column":12},"end":{"line":164,"column":33}},"type":"if","locations":[{"start":{"line":164,"column":12},"end":{"line":164,"column":33}},{"start":{},"end":{}}],"line":164},"13":{"loc":{"start":{"line":165,"column":12},"end":{"line":165,"column":32}},"type":"if","locations":[{"start":{"line":165,"column":12},"end":{"line":165,"column":32}},{"start":{},"end":{}}],"line":165},"14":{"loc":{"start":{"line":171,"column":25},"end":{"line":171,"column":66}},"type":"binary-expr","locations":[{"start":{"line":171,"column":25},"end":{"line":171,"column":61}},{"start":{"line":171,"column":65},"end":{"line":171,"column":66}}],"line":171},"15":{"loc":{"start":{"line":182,"column":16},"end":{"line":182,"column":30}},"type":"default-arg","locations":[{"start":{"line":182,"column":24},"end":{"line":182,"column":30}}],"line":182},"16":{"loc":{"start":{"line":185,"column":8},"end":{"line":187,"column":9}},"type":"if","locations":[{"start":{"line":185,"column":8},"end":{"line":187,"column":9}},{"start":{},"end":{}}],"line":185},"17":{"loc":{"start":{"line":192,"column":25},"end":{"line":192,"column":44}},"type":"binary-expr","locations":[{"start":{"line":192,"column":25},"end":{"line":192,"column":38}},{"start":{"line":192,"column":42},"end":{"line":192,"column":44}}],"line":192},"18":{"loc":{"start":{"line":197,"column":8},"end":{"line":199,"column":9}},"type":"if","locations":[{"start":{"line":197,"column":8},"end":{"line":199,"column":9}},{"start":{},"end":{}}],"line":197},"19":{"loc":{"start":{"line":197,"column":12},"end":{"line":197,"column":48}},"type":"binary-expr","locations":[{"start":{"line":197,"column":12},"end":{"line":197,"column":21}},{"start":{"line":197,"column":25},"end":{"line":197,"column":36}},{"start":{"line":197,"column":40},"end":{"line":197,"column":48}}],"line":197},"20":{"loc":{"start":{"line":202,"column":12},"end":{"line":205,"column":13}},"type":"if","locations":[{"start":{"line":202,"column":12},"end":{"line":205,"column":13}},{"start":{},"end":{}}],"line":202},"21":{"loc":{"start":{"line":207,"column":12},"end":{"line":211,"column":13}},"type":"if","locations":[{"start":{"line":207,"column":12},"end":{"line":211,"column":13}},{"start":{},"end":{}}],"line":207},"22":{"loc":{"start":{"line":219,"column":12},"end":{"line":229,"column":13}},"type":"if","locations":[{"start":{"line":219,"column":12},"end":{"line":229,"column":13}},{"start":{},"end":{}}],"line":219},"23":{"loc":{"start":{"line":234,"column":8},"end":{"line":239,"column":9}},"type":"if","locations":[{"start":{"line":234,"column":8},"end":{"line":239,"column":9}},{"start":{},"end":{}}],"line":234},"24":{"loc":{"start":{"line":235,"column":12},"end":{"line":237,"column":13}},"type":"if","locations":[{"start":{"line":235,"column":12},"end":{"line":237,"column":13}},{"start":{},"end":{}}],"line":235},"25":{"loc":{"start":{"line":235,"column":16},"end":{"line":235,"column":37}},"type":"binary-expr","locations":[{"start":{"line":235,"column":16},"end":{"line":235,"column":25}},{"start":{"line":235,"column":29},"end":{"line":235,"column":37}}],"line":235},"26":{"loc":{"start":{"line":241,"column":8},"end":{"line":243,"column":9}},"type":"if","locations":[{"start":{"line":241,"column":8},"end":{"line":243,"column":9}},{"start":{},"end":{}}],"line":241},"27":{"loc":{"start":{"line":246,"column":8},"end":{"line":248,"column":9}},"type":"if","locations":[{"start":{"line":246,"column":8},"end":{"line":248,"column":9}},{"start":{},"end":{}}],"line":246},"28":{"loc":{"start":{"line":246,"column":12},"end":{"line":246,"column":31}},"type":"binary-expr","locations":[{"start":{"line":246,"column":12},"end":{"line":246,"column":20}},{"start":{"line":246,"column":24},"end":{"line":246,"column":31}}],"line":246}},"s":{"0":0,"1":0,"2":0,"3":0,"4":0,"5":0,"6":0,"7":0,"8":0,"9":0,"10":0,"11":0,"12":0,"13":0,"14":0,"15":0,"16":0,"17":0,"18":0,"19":0,"20":0,"21":0,"22":0,"23":0,"24":0,"25":0,"26":0,"27":0,"28":0,"29":0,"30":0,"31":0,"32":0,"33":0,"34":0,"35":0,"36":0,"37":0,"38":0,"39":0,"40":0,"41":0,"42":0,"43":0,"44":0,"45":0,"46":0,"47":0,"48":0,"49":0,"50":0,"51":0,"52":0,"53":0,"54":0,"55":0,"56":0,"57":0,"58":0,"59":0,"60":0,"61":0,"62":0,"63":0,"64":0,"65":0,"66":0,"67":0,"68":0,"69":0,"70":0,"71":0,"72":0,"73":0,"74":0,"75":0,"76":0,"77":0,"78":0,"79":0,"80":0,"81":0,"82":0,"83":0,"84":0,"85":0,"86":0,"87":0,"88":0,"89":0,"90":0,"91":0,"92":0,"93":0,"94":0,"95":0,"96":0,"97":0,"98":0,"99":0,"100":0,"101":0,"102":0,"103":0,"104":0,"105":0},"f":{"0":0,"1":0,"2":0,"3":0,"4":0,"5":0,"6":0,"7":0,"8":0,"9":0},"b":{"0":[0,0],"1":[0,0],"2":[0,0],"3":[0,0],"4":[0,0],"5":[0,0],"6":[0,0],"7":[0,0],"8":[0,0],"9":[0,0],"10":[0,0],"11":[0,0],"12":[0,0],"13":[0,0],"14":[0,0],"15":[0],"16":[0,0],"17":[0,0],"18":[0,0],"19":[0,0,0],"20":[0,0],"21":[0,0],"22":[0,0],"23":[0,0],"24":[0,0],"25":[0,0],"26":[0,0],"27":[0,0],"28":[0,0]}}
,"D:\\FYP Final Year Project\\backend\\src\\controllers\\notification.controller.js": {"path":"D:\\FYP Final Year Project\\backend\\src\\controllers\\notification.controller.js","statementMap":{"0":{"start":{"line":3,"column":36},"end":{"line":13,"column":1}},"1":{"start":{"line":4,"column":4},"end":{"line":12,"column":5}},"2":{"start":{"line":5,"column":30},"end":{"line":7,"column":58}},"3":{"start":{"line":9,"column":8},"end":{"line":9,"column":32}},"4":{"start":{"line":11,"column":8},"end":{"line":11,"column":80}},"5":{"start":{"line":15,"column":26},"end":{"line":33,"column":1}},"6":{"start":{"line":16,"column":4},"end":{"line":32,"column":5}},"7":{"start":{"line":17,"column":29},"end":{"line":17,"column":71}},"8":{"start":{"line":18,"column":8},"end":{"line":20,"column":9}},"9":{"start":{"line":19,"column":12},"end":{"line":19,"column":79}},"10":{"start":{"line":22,"column":8},"end":{"line":24,"column":9}},"11":{"start":{"line":23,"column":12},"end":{"line":23,"column":71}},"12":{"start":{"line":26,"column":8},"end":{"line":26,"column":35}},"13":{"start":{"line":27,"column":8},"end":{"line":27,"column":34}},"14":{"start":{"line":29,"column":8},"end":{"line":29,"column":31}},"15":{"start":{"line":31,"column":8},"end":{"line":31,"column":80}},"16":{"start":{"line":35,"column":28},"end":{"line":53,"column":1}},"17":{"start":{"line":36,"column":4},"end":{"line":52,"column":5}},"18":{"start":{"line":37,"column":29},"end":{"line":37,"column":71}},"19":{"start":{"line":38,"column":8},"end":{"line":40,"column":9}},"20":{"start":{"line":39,"column":12},"end":{"line":39,"column":79}},"21":{"start":{"line":42,"column":8},"end":{"line":44,"column":9}},"22":{"start":{"line":43,"column":12},"end":{"line":43,"column":71}},"23":{"start":{"line":46,"column":8},"end":{"line":46,"column":36}},"24":{"start":{"line":47,"column":8},"end":{"line":47,"column":34}},"25":{"start":{"line":49,"column":8},"end":{"line":49,"column":31}},"26":{"start":{"line":51,"column":8},"end":{"line":51,"column":80}},"27":{"start":{"line":55,"column":29},"end":{"line":65,"column":1}},"28":{"start":{"line":56,"column":4},"end":{"line":64,"column":5}},"29":{"start":{"line":57,"column":8},"end":{"line":60,"column":10}},"30":{"start":{"line":61,"column":8},"end":{"line":61,"column":52}},"31":{"start":{"line":63,"column":8},"end":{"line":63,"column":80}}},"fnMap":{"0":{"name":"(anonymous_0)","decl":{"start":{"line":3,"column":36},"end":{"line":3,"column":37}},"loc":{"start":{"line":3,"column":56},"end":{"line":13,"column":1}},"line":3},"1":{"name":"(anonymous_1)","decl":{"start":{"line":15,"column":26},"end":{"line":15,"column":27}},"loc":{"start":{"line":15,"column":46},"end":{"line":33,"column":1}},"line":15},"2":{"name":"(anonymous_2)","decl":{"start":{"line":35,"column":28},"end":{"line":35,"column":29}},"loc":{"start":{"line":35,"column":48},"end":{"line":53,"column":1}},"line":35},"3":{"name":"(anonymous_3)","decl":{"start":{"line":55,"column":29},"end":{"line":55,"column":30}},"loc":{"start":{"line":55,"column":49},"end":{"line":65,"column":1}},"line":55}},"branchMap":{"0":{"loc":{"start":{"line":18,"column":8},"end":{"line":20,"column":9}},"type":"if","locations":[{"start":{"line":18,"column":8},"end":{"line":20,"column":9}},{"start":{},"end":{}}],"line":18},"1":{"loc":{"start":{"line":22,"column":8},"end":{"line":24,"column":9}},"type":"if","locations":[{"start":{"line":22,"column":8},"end":{"line":24,"column":9}},{"start":{},"end":{}}],"line":22},"2":{"loc":{"start":{"line":38,"column":8},"end":{"line":40,"column":9}},"type":"if","locations":[{"start":{"line":38,"column":8},"end":{"line":40,"column":9}},{"start":{},"end":{}}],"line":38},"3":{"loc":{"start":{"line":42,"column":8},"end":{"line":44,"column":9}},"type":"if","locations":[{"start":{"line":42,"column":8},"end":{"line":44,"column":9}},{"start":{},"end":{}}],"line":42}},"s":{"0":0,"1":0,"2":0,"3":0,"4":0,"5":0,"6":0,"7":0,"8":0,"9":0,"10":0,"11":0,"12":0,"13":0,"14":0,"15":0,"16":0,"17":0,"18":0,"19":0,"20":0,"21":0,"22":0,"23":0,"24":0,"25":0,"26":0,"27":0,"28":0,"29":0,"30":0,"31":0},"f":{"0":0,"1":0,"2":0,"3":0},"b":{"0":[0,0],"1":[0,0],"2":[0,0],"3":[0,0]}}
,"D:\\FYP Final Year Project\\backend\\src\\controllers\\post.controller.js": {"path":"D:\\FYP Final Year Project\\backend\\src\\controllers\\post.controller.js","statementMap":{"0":{"start":{"line":8,"column":26},"end":{"line":60,"column":1}},"1":{"start":{"line":9,"column":4},"end":{"line":59,"column":5}},"2":{"start":{"line":10,"column":25},"end":{"line":10,"column":33}},"3":{"start":{"line":11,"column":20},"end":{"line":11,"column":22}},"4":{"start":{"line":12,"column":22},"end":{"line":12,"column":24}},"5":{"start":{"line":13,"column":23},"end":{"line":13,"column":25}},"6":{"start":{"line":16,"column":8},"end":{"line":23,"column":9}},"7":{"start":{"line":17,"column":12},"end":{"line":22,"column":13}},"8":{"start":{"line":18,"column":31},"end":{"line":18,"column":105}},"9":{"start":{"line":19,"column":16},"end":{"line":19,"column":35}},"10":{"start":{"line":21,"column":16},"end":{"line":21,"column":72}},"11":{"start":{"line":26,"column":8},"end":{"line":40,"column":9}},"12":{"start":{"line":27,"column":28},"end":{"line":27,"column":45}},"13":{"start":{"line":28,"column":33},"end":{"line":28,"column":83}},"14":{"start":{"line":29,"column":30},"end":{"line":29,"column":105}},"15":{"start":{"line":30,"column":31},"end":{"line":30,"column":70}},"16":{"start":{"line":33,"column":12},"end":{"line":35,"column":13}},"17":{"start":{"line":34,"column":16},"end":{"line":34,"column":80}},"18":{"start":{"line":37,"column":12},"end":{"line":37,"column":57}},"19":{"start":{"line":38,"column":12},"end":{"line":38,"column":51}},"20":{"start":{"line":39,"column":12},"end":{"line":39,"column":44}},"21":{"start":{"line":42,"column":24},"end":{"line":48,"column":10}},"22":{"start":{"line":51,"column":8},"end":{"line":51,"column":29}},"23":{"start":{"line":54,"column":8},"end":{"line":54,"column":84}},"24":{"start":{"line":56,"column":8},"end":{"line":56,"column":38}},"25":{"start":{"line":58,"column":8},"end":{"line":58,"column":80}},"26":{"start":{"line":62,"column":24},"end":{"line":73,"column":1}},"27":{"start":{"line":63,"column":4},"end":{"line":72,"column":5}},"28":{"start":{"line":64,"column":22},"end":{"line":67,"column":70}},"29":{"start":{"line":69,"column":8},"end":{"line":69,"column":24}},"30":{"start":{"line":71,"column":8},"end":{"line":71,"column":80}},"31":{"start":{"line":75,"column":26},"end":{"line":94,"column":1}},"32":{"start":{"line":76,"column":4},"end":{"line":93,"column":5}},"33":{"start":{"line":77,"column":21},"end":{"line":77,"column":55}},"34":{"start":{"line":79,"column":8},"end":{"line":81,"column":9}},"35":{"start":{"line":80,"column":12},"end":{"line":80,"column":71}},"36":{"start":{"line":84,"column":8},"end":{"line":86,"column":9}},"37":{"start":{"line":85,"column":12},"end":{"line":85,"column":76}},"38":{"start":{"line":88,"column":8},"end":{"line":88,"column":31}},"39":{"start":{"line":90,"column":8},"end":{"line":90,"column":46}},"40":{"start":{"line":92,"column":8},"end":{"line":92,"column":80}},"41":{"start":{"line":96,"column":24},"end":{"line":134,"column":1}},"42":{"start":{"line":97,"column":4},"end":{"line":133,"column":5}},"43":{"start":{"line":98,"column":21},"end":{"line":98,"column":55}},"44":{"start":{"line":99,"column":8},"end":{"line":101,"column":9}},"45":{"start":{"line":100,"column":12},"end":{"line":100,"column":71}},"46":{"start":{"line":104,"column":8},"end":{"line":127,"column":9}},"47":{"start":{"line":106,"column":12},"end":{"line":106,"column":80}},"48":{"start":{"line":106,"column":49},"end":{"line":106,"column":78}},"49":{"start":{"line":109,"column":12},"end":{"line":109,"column":41}},"50":{"start":{"line":112,"column":12},"end":{"line":126,"column":13}},"51":{"start":{"line":113,"column":40},"end":{"line":119,"column":18}},"52":{"start":{"line":120,"column":16},"end":{"line":120,"column":45}},"53":{"start":{"line":123,"column":16},"end":{"line":125,"column":17}},"54":{"start":{"line":124,"column":20},"end":{"line":124,"column":96}},"55":{"start":{"line":129,"column":8},"end":{"line":129,"column":26}},"56":{"start":{"line":130,"column":8},"end":{"line":130,"column":29}},"57":{"start":{"line":132,"column":8},"end":{"line":132,"column":80}},"58":{"start":{"line":136,"column":27},"end":{"line":179,"column":1}},"59":{"start":{"line":137,"column":4},"end":{"line":178,"column":5}},"60":{"start":{"line":138,"column":21},"end":{"line":138,"column":55}},"61":{"start":{"line":139,"column":8},"end":{"line":141,"column":9}},"62":{"start":{"line":140,"column":12},"end":{"line":140,"column":71}},"63":{"start":{"line":143,"column":25},"end":{"line":143,"column":33}},"64":{"start":{"line":144,"column":27},"end":{"line":148,"column":9}},"65":{"start":{"line":150,"column":8},"end":{"line":150,"column":42}},"66":{"start":{"line":152,"column":8},"end":{"line":152,"column":26}},"67":{"start":{"line":157,"column":8},"end":{"line":157,"column":77}},"68":{"start":{"line":160,"column":8},"end":{"line":173,"column":9}},"69":{"start":{"line":161,"column":36},"end":{"line":167,"column":14}},"70":{"start":{"line":168,"column":12},"end":{"line":168,"column":41}},"71":{"start":{"line":170,"column":12},"end":{"line":172,"column":13}},"72":{"start":{"line":171,"column":16},"end":{"line":171,"column":92}},"73":{"start":{"line":175,"column":8},"end":{"line":175,"column":32}},"74":{"start":{"line":177,"column":8},"end":{"line":177,"column":80}},"75":{"start":{"line":181,"column":26},"end":{"line":231,"column":1}},"76":{"start":{"line":182,"column":4},"end":{"line":230,"column":5}},"77":{"start":{"line":183,"column":25},"end":{"line":183,"column":33}},"78":{"start":{"line":184,"column":21},"end":{"line":184,"column":55}},"79":{"start":{"line":186,"column":8},"end":{"line":188,"column":9}},"80":{"start":{"line":187,"column":12},"end":{"line":187,"column":71}},"81":{"start":{"line":191,"column":8},"end":{"line":193,"column":9}},"82":{"start":{"line":192,"column":12},"end":{"line":192,"column":76}},"83":{"start":{"line":195,"column":8},"end":{"line":195,"column":38}},"84":{"start":{"line":196,"column":8},"end":{"line":196,"column":29}},"85":{"start":{"line":199,"column":8},"end":{"line":206,"column":9}},"86":{"start":{"line":200,"column":12},"end":{"line":205,"column":13}},"87":{"start":{"line":201,"column":31},"end":{"line":201,"column":105}},"88":{"start":{"line":202,"column":16},"end":{"line":202,"column":40}},"89":{"start":{"line":204,"column":16},"end":{"line":204,"column":72}},"90":{"start":{"line":209,"column":8},"end":{"line":222,"column":9}},"91":{"start":{"line":210,"column":28},"end":{"line":210,"column":45}},"92":{"start":{"line":211,"column":33},"end":{"line":211,"column":83}},"93":{"start":{"line":212,"column":30},"end":{"line":212,"column":105}},"94":{"start":{"line":213,"column":31},"end":{"line":213,"column":70}},"95":{"start":{"line":215,"column":12},"end":{"line":217,"column":13}},"96":{"start":{"line":216,"column":16},"end":{"line":216,"column":80}},"97":{"start":{"line":219,"column":12},"end":{"line":219,"column":57}},"98":{"start":{"line":220,"column":12},"end":{"line":220,"column":56}},"99":{"start":{"line":221,"column":12},"end":{"line":221,"column":49}},"100":{"start":{"line":224,"column":8},"end":{"line":224,"column":26}},"101":{"start":{"line":225,"column":8},"end":{"line":225,"column":81}},"102":{"start":{"line":227,"column":8},"end":{"line":227,"column":23}},"103":{"start":{"line":229,"column":8},"end":{"line":229,"column":80}},"104":{"start":{"line":234,"column":29},"end":{"line":260,"column":1}},"105":{"start":{"line":235,"column":4},"end":{"line":259,"column":5}},"106":{"start":{"line":236,"column":21},"end":{"line":236,"column":55}},"107":{"start":{"line":237,"column":8},"end":{"line":239,"column":9}},"108":{"start":{"line":238,"column":12},"end":{"line":238,"column":71}},"109":{"start":{"line":242,"column":24},"end":{"line":242,"column":102}},"110":{"start":{"line":242,"column":54},"end":{"line":242,"column":101}},"111":{"start":{"line":244,"column":8},"end":{"line":246,"column":9}},"112":{"start":{"line":245,"column":12},"end":{"line":245,"column":74}},"113":{"start":{"line":249,"column":8},"end":{"line":251,"column":9}},"114":{"start":{"line":250,"column":12},"end":{"line":250,"column":76}},"115":{"start":{"line":253,"column":8},"end":{"line":253,"column":86}},"116":{"start":{"line":253,"column":57},"end":{"line":253,"column":84}},"117":{"start":{"line":255,"column":8},"end":{"line":255,"column":26}},"118":{"start":{"line":256,"column":8},"end":{"line":256,"column":32}},"119":{"start":{"line":258,"column":8},"end":{"line":258,"column":80}}},"fnMap":{"0":{"name":"(anonymous_0)","decl":{"start":{"line":8,"column":26},"end":{"line":8,"column":27}},"loc":{"start":{"line":8,"column":46},"end":{"line":60,"column":1}},"line":8},"1":{"name":"(anonymous_1)","decl":{"start":{"line":62,"column":24},"end":{"line":62,"column":25}},"loc":{"start":{"line":62,"column":44},"end":{"line":73,"column":1}},"line":62},"2":{"name":"(anonymous_2)","decl":{"start":{"line":75,"column":26},"end":{"line":75,"column":27}},"loc":{"start":{"line":75,"column":46},"end":{"line":94,"column":1}},"line":75},"3":{"name":"(anonymous_3)","decl":{"start":{"line":96,"column":24},"end":{"line":96,"column":25}},"loc":{"start":{"line":96,"column":44},"end":{"line":134,"column":1}},"line":96},"4":{"name":"(anonymous_4)","decl":{"start":{"line":106,"column":43},"end":{"line":106,"column":44}},"loc":{"start":{"line":106,"column":49},"end":{"line":106,"column":78}},"line":106},"5":{"name":"(anonymous_5)","decl":{"start":{"line":136,"column":27},"end":{"line":136,"column":28}},"loc":{"start":{"line":136,"column":47},"end":{"line":179,"column":1}},"line":136},"6":{"name":"(anonymous_6)","decl":{"start":{"line":181,"column":26},"end":{"line":181,"column":27}},"loc":{"start":{"line":181,"column":46},"end":{"line":231,"column":1}},"line":181},"7":{"name":"(anonymous_7)","decl":{"start":{"line":234,"column":29},"end":{"line":234,"column":30}},"loc":{"start":{"line":234,"column":49},"end":{"line":260,"column":1}},"line":234},"8":{"name":"(anonymous_8)","decl":{"start":{"line":242,"column":43},"end":{"line":242,"column":44}},"loc":{"start":{"line":242,"column":54},"end":{"line":242,"column":101}},"line":242},"9":{"name":"(anonymous_9)","decl":{"start":{"line":253,"column":45},"end":{"line":253,"column":46}},"loc":{"start":{"line":253,"column":57},"end":{"line":253,"column":84}},"line":253}},"branchMap":{"0":{"loc":{"start":{"line":16,"column":8},"end":{"line":23,"column":9}},"type":"if","locations":[{"start":{"line":16,"column":8},"end":{"line":23,"column":9}},{"start":{},"end":{}}],"line":16},"1":{"loc":{"start":{"line":16,"column":12},"end":{"line":16,"column":62}},"type":"binary-expr","locations":[{"start":{"line":16,"column":12},"end":{"line":16,"column":21}},{"start":{"line":16,"column":25},"end":{"line":16,"column":40}},{"start":{"line":16,"column":44},"end":{"line":16,"column":62}}],"line":16},"2":{"loc":{"start":{"line":26,"column":8},"end":{"line":40,"column":9}},"type":"if","locations":[{"start":{"line":26,"column":8},"end":{"line":40,"column":9}},{"start":{},"end":{}}],"line":26},"3":{"loc":{"start":{"line":26,"column":12},"end":{"line":26,"column":60}},"type":"binary-expr","locations":[{"start":{"line":26,"column":12},"end":{"line":26,"column":21}},{"start":{"line":26,"column":25},"end":{"line":26,"column":39}},{"start":{"line":26,"column":43},"end":{"line":26,"column":60}}],"line":26},"4":{"loc":{"start":{"line":33,"column":12},"end":{"line":35,"column":13}},"type":"if","locations":[{"start":{"line":33,"column":12},"end":{"line":35,"column":13}},{"start":{},"end":{}}],"line":33},"5":{"loc":{"start":{"line":79,"column":8},"end":{"line":81,"column":9}},"type":"if","locations":[{"start":{"line":79,"column":8},"end":{"line":81,"column":9}},{"start":{},"end":{}}],"line":79},"6":{"loc":{"start":{"line":84,"column":8},"end":{"line":86,"column":9}},"type":"if","locations":[{"start":{"line":84,"column":8},"end":{"line":86,"column":9}},{"start":{},"end":{}}],"line":84},"7":{"loc":{"start":{"line":84,"column":12},"end":{"line":84,"column":79}},"type":"binary-expr","locations":[{"start":{"line":84,"column":12},"end":{"line":84,"column":50}},{"start":{"line":84,"column":54},"end":{"line":84,"column":79}}],"line":84},"8":{"loc":{"start":{"line":99,"column":8},"end":{"line":101,"column":9}},"type":"if","locations":[{"start":{"line":99,"column":8},"end":{"line":101,"column":9}},{"start":{},"end":{}}],"line":99},"9":{"loc":{"start":{"line":104,"column":8},"end":{"line":127,"column":9}},"type":"if","locations":[{"start":{"line":104,"column":8},"end":{"line":127,"column":9}},{"start":{"line":107,"column":15},"end":{"line":127,"column":9}}],"line":104},"10":{"loc":{"start":{"line":112,"column":12},"end":{"line":126,"column":13}},"type":"if","locations":[{"start":{"line":112,"column":12},"end":{"line":126,"column":13}},{"start":{},"end":{}}],"line":112},"11":{"loc":{"start":{"line":123,"column":16},"end":{"line":125,"column":17}},"type":"if","locations":[{"start":{"line":123,"column":16},"end":{"line":125,"column":17}},{"start":{},"end":{}}],"line":123},"12":{"loc":{"start":{"line":139,"column":8},"end":{"line":141,"column":9}},"type":"if","locations":[{"start":{"line":139,"column":8},"end":{"line":141,"column":9}},{"start":{},"end":{}}],"line":139},"13":{"loc":{"start":{"line":160,"column":8},"end":{"line":173,"column":9}},"type":"if","locations":[{"start":{"line":160,"column":8},"end":{"line":173,"column":9}},{"start":{},"end":{}}],"line":160},"14":{"loc":{"start":{"line":170,"column":12},"end":{"line":172,"column":13}},"type":"if","locations":[{"start":{"line":170,"column":12},"end":{"line":172,"column":13}},{"start":{},"end":{}}],"line":170},"15":{"loc":{"start":{"line":186,"column":8},"end":{"line":188,"column":9}},"type":"if","locations":[{"start":{"line":186,"column":8},"end":{"line":188,"column":9}},{"start":{},"end":{}}],"line":186},"16":{"loc":{"start":{"line":191,"column":8},"end":{"line":193,"column":9}},"type":"if","locations":[{"start":{"line":191,"column":8},"end":{"line":193,"column":9}},{"start":{},"end":{}}],"line":191},"17":{"loc":{"start":{"line":191,"column":12},"end":{"line":191,"column":79}},"type":"binary-expr","locations":[{"start":{"line":191,"column":12},"end":{"line":191,"column":50}},{"start":{"line":191,"column":54},"end":{"line":191,"column":79}}],"line":191},"18":{"loc":{"start":{"line":195,"column":20},"end":{"line":195,"column":37}},"type":"binary-expr","locations":[{"start":{"line":195,"column":20},"end":{"line":195,"column":24}},{"start":{"line":195,"column":28},"end":{"line":195,"column":37}}],"line":195},"19":{"loc":{"start":{"line":199,"column":8},"end":{"line":206,"column":9}},"type":"if","locations":[{"start":{"line":199,"column":8},"end":{"line":206,"column":9}},{"start":{},"end":{}}],"line":199},"20":{"loc":{"start":{"line":199,"column":12},"end":{"line":199,"column":62}},"type":"binary-expr","locations":[{"start":{"line":199,"column":12},"end":{"line":199,"column":21}},{"start":{"line":199,"column":25},"end":{"line":199,"column":40}},{"start":{"line":199,"column":44},"end":{"line":199,"column":62}}],"line":199},"21":{"loc":{"start":{"line":209,"column":8},"end":{"line":222,"column":9}},"type":"if","locations":[{"start":{"line":209,"column":8},"end":{"line":222,"column":9}},{"start":{},"end":{}}],"line":209},"22":{"loc":{"start":{"line":209,"column":12},"end":{"line":209,"column":60}},"type":"binary-expr","locations":[{"start":{"line":209,"column":12},"end":{"line":209,"column":21}},{"start":{"line":209,"column":25},"end":{"line":209,"column":39}},{"start":{"line":209,"column":43},"end":{"line":209,"column":60}}],"line":209},"23":{"loc":{"start":{"line":215,"column":12},"end":{"line":217,"column":13}},"type":"if","locations":[{"start":{"line":215,"column":12},"end":{"line":217,"column":13}},{"start":{},"end":{}}],"line":215},"24":{"loc":{"start":{"line":237,"column":8},"end":{"line":239,"column":9}},"type":"if","locations":[{"start":{"line":237,"column":8},"end":{"line":239,"column":9}},{"start":{},"end":{}}],"line":237},"25":{"loc":{"start":{"line":244,"column":8},"end":{"line":246,"column":9}},"type":"if","locations":[{"start":{"line":244,"column":8},"end":{"line":246,"column":9}},{"start":{},"end":{}}],"line":244},"26":{"loc":{"start":{"line":249,"column":8},"end":{"line":251,"column":9}},"type":"if","locations":[{"start":{"line":249,"column":8},"end":{"line":251,"column":9}},{"start":{},"end":{}}],"line":249},"27":{"loc":{"start":{"line":249,"column":12},"end":{"line":249,"column":122}},"type":"binary-expr","locations":[{"start":{"line":249,"column":12},"end":{"line":249,"column":51}},{"start":{"line":249,"column":55},"end":{"line":249,"column":93}},{"start":{"line":249,"column":97},"end":{"line":249,"column":122}}],"line":249}},"s":{"0":0,"1":0,"2":0,"3":0,"4":0,"5":0,"6":0,"7":0,"8":0,"9":0,"10":0,"11":0,"12":0,"13":0,"14":0,"15":0,"16":0,"17":0,"18":0,"19":0,"20":0,"21":0,"22":0,"23":0,"24":0,"25":0,"26":0,"27":0,"28":0,"29":0,"30":0,"31":0,"32":0,"33":0,"34":0,"35":0,"36":0,"37":0,"38":0,"39":0,"40":0,"41":0,"42":0,"43":0,"44":0,"45":0,"46":0,"47":0,"48":0,"49":0,"50":0,"51":0,"52":0,"53":0,"54":0,"55":0,"56":0,"57":0,"58":0,"59":0,"60":0,"61":0,"62":0,"63":0,"64":0,"65":0,"66":0,"67":0,"68":0,"69":0,"70":0,"71":0,"72":0,"73":0,"74":0,"75":0,"76":0,"77":0,"78":0,"79":0,"80":0,"81":0,"82":0,"83":0,"84":0,"85":0,"86":0,"87":0,"88":0,"89":0,"90":0,"91":0,"92":0,"93":0,"94":0,"95":0,"96":0,"97":0,"98":0,"99":0,"100":0,"101":0,"102":0,"103":0,"104":0,"105":0,"106":0,"107":0,"108":0,"109":0,"110":0,"111":0,"112":0,"113":0,"114":0,"115":0,"116":0,"117":0,"118":0,"119":0},"f":{"0":0,"1":0,"2":0,"3":0,"4":0,"5":0,"6":0,"7":0,"8":0,"9":0},"b":{"0":[0,0],"1":[0,0,0],"2":[0,0],"3":[0,0,0],"4":[0,0],"
[...]
n":16},"end":{"line":39,"column":38}},"14":{"start":{"line":41,"column":12},"end":{"line":41,"column":101}},"15":{"start":{"line":44,"column":8},"end":{"line":44,"column":55}},"16":{"start":{"line":48,"column":0},"end":{"line":48,"column":118}},"17":{"start":{"line":50,"column":0},"end":{"line":50,"column":35}},"18":{"start":{"line":51,"column":0},"end":{"line":51,"column":120}},"19":{"start":{"line":52,"column":0},"end":{"line":52,"column":43}},"20":{"start":{"line":55,"column":0},"end":{"line":55,"column":43}},"21":{"start":{"line":56,"column":0},"end":{"line":56,"column":50}},"22":{"start":{"line":57,"column":0},"end":{"line":57,"column":65}}},"fnMap":{"0":{"name":"(anonymous_0)","decl":{"start":{"line":17,"column":16},"end":{"line":17,"column":17}},"loc":{"start":{"line":17,"column":41},"end":{"line":45,"column":5}},"line":17}},"branchMap":{"0":{"loc":{"start":{"line":30,"column":8},"end":{"line":35,"column":9}},"type":"if","locations":[{"start":{"line":30,"column":8},"end":{"line":35,"column":9}},{"start":{},"end":{}}],"line":30},"1":{"loc":{"start":{"line":31,"column":12},"end":{"line":33,"column":13}},"type":"if","locations":[{"start":{"line":31,"column":12},"end":{"line":33,"column":13}},{"start":{},"end":{}}],"line":31},"2":{"loc":{"start":{"line":31,"column":16},"end":{"line":31,"column":77}},"type":"binary-expr","locations":[{"start":{"line":31,"column":16},"end":{"line":31,"column":50}},{"start":{"line":31,"column":54},"end":{"line":31,"column":77}}],"line":31},"3":{"loc":{"start":{"line":37,"column":8},"end":{"line":42,"column":9}},"type":"if","locations":[{"start":{"line":37,"column":8},"end":{"line":42,"column":9}},{"start":{},"end":{}}],"line":37},"4":{"loc":{"start":{"line":38,"column":12},"end":{"line":40,"column":13}},"type":"if","locations":[{"start":{"line":38,"column":12},"end":{"line":40,"column":13}},{"start":{},"end":{}}],"line":38},"5":{"loc":{"start":{"line":38,"column":16},"end":{"line":38,"column":83}},"type":"binary-expr","locations":[{"start":{"line":38,"column":16},"end":{"line":38,"column":53}},{"start":{"line":38,"column":57},"end":{"line":38,"column":83}}],"line":38}},"s":{"0":0,"1":0,"2":0,"3":0,"4":0,"5":0,"6":0,"7":0,"8":0,"9":0,"10":0,"11":0,"12":0,"13":0,"14":0,"15":0,"16":0,"17":0,"18":0,"19":0,"20":0,"21":0,"22":0},"f":{"0":0},"b":{"0":[0,0],"1":[0,0],"2":[0,0],"3":[0,0],"4":[0,0],"5":[0,0]}}
,"D:\\FYP Final Year Project\\backend\\src\\routes\\search.routes.js": {"path":"D:\\FYP Final Year Project\\backend\\src\\routes\\search.routes.js","statementMap":{"0":{"start":{"line":5,"column":15},"end":{"line":5,"column":31}},"1":{"start":{"line":7,"column":0},"end":{"line":7,"column":36}}},"fnMap":{},"branchMap":{},"s":{"0":0,"1":0},"f":{},"b":{}}
,"D:\\FYP Final Year Project\\backend\\src\\routes\\student.routes.js": {"path":"D:\\FYP Final Year Project\\backend\\src\\routes\\student.routes.js","statementMap":{"0":{"start":{"line":15,"column":15},"end":{"line":15,"column":31}},"1":{"start":{"line":18,"column":0},"end":{"line":18,"column":20}},"2":{"start":{"line":19,"column":0},"end":{"line":19,"column":24}},"3":{"start":{"line":22,"column":0},"end":{"line":22,"column":46}},"4":{"start":{"line":25,"column":0},"end":{"line":25,"column":37}},"5":{"start":{"line":26,"column":0},"end":{"line":26,"column":55}},"6":{"start":{"line":29,"column":0},"end":{"line":29,"column":43}},"7":{"start":{"line":30,"column":0},"end":{"line":30,"column":46}},"8":{"start":{"line":31,"column":0},"end":{"line":31,"column":49}},"9":{"start":{"line":34,"column":0},"end":{"line":34,"column":41}},"10":{"start":{"line":35,"column":0},"end":{"line":35,"column":42}},"11":{"start":{"line":36,"column":0},"end":{"line":36,"column":56}}},"fnMap":{},"branchMap":{},"s":{"0":0,"1":0,"2":0,"3":0,"4":0,"5":0,"6":0,"7":0,"8":0,"9":0,"10":0,"11":0},"f":{},"b":{}}
,"D:\\FYP Final Year Project\\backend\\src\\routes\\teacher.routes.js": {"path":"D:\\FYP Final Year Project\\backend\\src\\routes\\teacher.routes.js","statementMap":{"0":{"start":{"line":13,"column":15},"end":{"line":13,"column":31}},"1":{"start":{"line":17,"column":0},"end":{"line":17,"column":20}},"2":{"start":{"line":18,"column":0},"end":{"line":18,"column":24}},"3":{"start":{"line":22,"column":0},"end":{"line":22,"column":46}},"4":{"start":{"line":26,"column":0},"end":{"line":26,"column":37}},"5":{"start":{"line":30,"column":0},"end":{"line":30,"column":61}},"6":{"start":{"line":34,"column":0},"end":{"line":34,"column":43}},"7":{"start":{"line":37,"column":0},"end":{"line":37,"column":51}}},"fnMap":{},"branchMap":{},"s":{"0":0,"1":0,"2":0,"3":0,"4":0,"5":0,"6":0,"7":0},"f":{},"b":{}}
,"D:\\FYP Final Year Project\\backend\\src\\routes\\user.routes.js": {"path":"D:\\FYP Final Year Project\\backend\\src\\routes\\user.routes.js","statementMap":{"0":{"start":{"line":6,"column":15},"end":{"line":6,"column":31}},"1":{"start":{"line":9,"column":15},"end":{"line":24,"column":2}},"2":{"start":{"line":15,"column":26},"end":{"line":15,"column":45}},"3":{"start":{"line":16,"column":25},"end":{"line":16,"column":54}},"4":{"start":{"line":18,"column":8},"end":{"line":22,"column":9}},"5":{"start":{"line":19,"column":12},"end":{"line":19,"column":34}},"6":{"start":{"line":21,"column":12},"end":{"line":21,"column":59}},"7":{"start":{"line":26,"column":0},"end":{"line":26,"column":41}},"8":{"start":{"line":27,"column":0},"end":{"line":27,"column":44}},"9":{"start":{"line":28,"column":0},"end":{"line":28,"column":41}},"10":{"start":{"line":29,"column":0},"end":{"line":29,"column":47}},"11":{"start":{"line":30,"column":0},"end":{"line":30,"column":103}}},"fnMap":{"0":{"name":"(anonymous_0)","decl":{"start":{"line":14,"column":16},"end":{"line":14,"column":17}},"loc":{"start":{"line":14,"column":41},"end":{"line":23,"column":5}},"line":14}},"branchMap":{"0":{"loc":{"start":{"line":18,"column":8},"end":{"line":22,"column":9}},"type":"if","locations":[{"start":{"line":18,"column":8},"end":{"line":22,"column":9}},{"start":{"line":20,"column":15},"end":{"line":22,"column":9}}],"line":18}},"s":{"0":0,"1":0,"2":0,"3":0,"4":0,"5":0,"6":0,"7":0,"8":0,"9":0,"10":0,"11":0},"f":{"0":0},"b":{"0":[0,0]}}
,"D:\\FYP Final Year Project\\backend\\src\\services\\email.service.js": {"path":"D:\\FYP Final Year Project\\backend\\src\\services\\email.service.js","statementMap":{"0":{"start":{"line":4,"column":34},"end":{"line":6,"column":1}},"1":{"start":{"line":5,"column":4},"end":{"line":5,"column":50}},"2":{"start":{"line":9,"column":30},"end":{"line":28,"column":1}},"3":{"start":{"line":10,"column":21},"end":{"line":10,"column":73}},"4":{"start":{"line":12,"column":20},"end":{"line":19,"column":1}},"5":{"start":{"line":21,"column":4},"end":{"line":21,"column":53}},"6":{"start":{"line":22,"column":4},"end":{"line":22,"column":32}},"7":{"start":{"line":23,"column":4},"end":{"line":23,"column":43}},"8":{"start":{"line":24,"column":4},"end":{"line":24,"column":25}},"9":{"start":{"line":25,"column":4},"end":{"line":25,"column":53}},"10":{"start":{"line":27,"column":4},"end":{"line":27,"column":62}},"11":{"start":{"line":27,"column":36},"end":{"line":27,"column":60}}},"fnMap":{"0":{"name":"(anonymous_0)","decl":{"start":{"line":4,"column":34},"end":{"line":4,"column":35}},"loc":{"start":{"line":4,"column":40},"end":{"line":6,"column":1}},"line":4},"1":{"name":"(anonymous_1)","decl":{"start":{"line":9,"column":30},"end":{"line":9,"column":31}},"loc":{"start":{"line":9,"column":59},"end":{"line":28,"column":1}},"line":9},"2":{"name":"(anonymous_2)","decl":{"start":{"line":27,"column":23},"end":{"line":27,"column":24}},"loc":{"start":{"line":27,"column":36},"end":{"line":27,"column":60}},"line":27}},"branchMap":{},"s":{"0":0,"1":0,"2":0,"3":0,"4":0,"5":0,"6":0,"7":0,"8":0,"9":0,"10":0,"11":0},"f":{"0":0,"1":0,"2":0},"b":{}}
,"D:\\FYP Final Year Project\\backend\\src\\services\\userService.js": {"path":"D:\\FYP Final Year Project\\backend\\src\\services\\userService.js","statementMap":{},"fnMap":{},"branchMap":{},"s":{},"f":{},"b":{}}
,"D:\\FYP Final Year Project\\backend\\src\\utils\\ApiError.js": {"path":"D:\\FYP Final Year Project\\backend\\src\\utils\\ApiError.js","statementMap":{"0":{"start":{"line":6,"column":8},"end":{"line":6,"column":23}},"1":{"start":{"line":7,"column":8},"end":{"line":7,"column":37}},"2":{"start":{"line":8,"column":8},"end":{"line":8,"column":43}},"3":{"start":{"line":9,"column":8},"end":{"line":13,"column":9}},"4":{"start":{"line":10,"column":12},"end":{"line":10,"column":31}},"5":{"start":{"line":12,"column":12},"end":{"line":12,"column":60}}},"fnMap":{"0":{"name":"(anonymous_0)","decl":{"start":{"line":5,"column":4},"end":{"line":5,"column":5}},"loc":{"start":{"line":5,"column":71},"end":{"line":14,"column":5}},"line":5}},"branchMap":{"0":{"loc":{"start":{"line":5,"column":37},"end":{"line":5,"column":57}},"type":"default-arg","locations":[{"start":{"line":5,"column":53},"end":{"line":5,"column":57}}],"line":5},"1":{"loc":{"start":{"line":5,"column":59},"end":{"line":5,"column":69}},"type":"default-arg","locations":[{"start":{"line":5,"column":67},"end":{"line":5,"column":69}}],"line":5},"2":{"loc":{"start":{"line":9,"column":8},"end":{"line":13,"column":9}},"type":"if","locations":[{"start":{"line":9,"column":8},"end":{"line":13,"column":9}},{"start":{"line":11,"column":15},"end":{"line":13,"column":9}}],"line":9}},"s":{"0":0,"1":0,"2":0,"3":0,"4":0,"5":0},"f":{"0":0},"b":{"0":[0],"1":[0],"2":[0,0]}}
,"D:\\FYP Final Year Project\\backend\\src\\utils\\catchAsync.js": {"path":"D:\\FYP Final Year Project\\backend\\src\\utils\\catchAsync.js","statementMap":{"0":{"start":{"line":4,"column":19},"end":{"line":6,"column":1}},"1":{"start":{"line":4,"column":27},"end":{"line":6,"column":1}},"2":{"start":{"line":5,"column":4},"end":{"line":5,"column":66}},"3":{"start":{"line":5,"column":55},"end":{"line":5,"column":64}}},"fnMap":{"0":{"name":"(anonymous_0)","decl":{"start":{"line":4,"column":19},"end":{"line":4,"column":20}},"loc":{"start":{"line":4,"column":27},"end":{"line":6,"column":1}},"line":4},"1":{"name":"(anonymous_1)","decl":{"start":{"line":4,"column":27},"end":{"line":4,"column":28}},"loc":{"start":{"line":4,"column":47},"end":{"line":6,"column":1}},"line":4},"2":{"name":"(anonymous_2)","decl":{"start":{"line":5,"column":46},"end":{"line":5,"column":47}},"loc":{"start":{"line":5,"column":55},"end":{"line":5,"column":64}},"line":5}},"branchMap":{},"s":{"0":0,"1":0,"2":0,"3":0},"f":{"0":0,"1":0,"2":0},"b":{}}
,"D:\\FYP Final Year Project\\backend\\src\\utils\\cloudinaryUpload.js": {"path":"D:\\FYP Final Year Project\\backend\\src\\utils\\cloudinaryUpload.js","statementMap":{"0":{"start":{"line":9,"column":34},"end":{"line":29,"column":1}},"1":{"start":{"line":10,"column":4},"end":{"line":28,"column":7}},"2":{"start":{"line":11,"column":29},"end":{"line":26,"column":9}},"3":{"start":{"line":17,"column":16},"end":{"line":24,"column":17}},"4":{"start":{"line":18,"column":20},"end":{"line":18,"column":34}},"5":{"start":{"line":20,"column":20},"end":{"line":23,"column":23}},"6":{"start":{"line":27,"column":8},"end":{"line":27,"column":37}},"7":{"start":{"line":36,"column":36},"end":{"line":61,"column":1}},"8":{"start":{"line":37,"column":4},"end":{"line":60,"column":7}},"9":{"start":{"line":38,"column":29},"end":{"line":58,"column":9}},"10":{"start":{"line":49,"column":16},"end":{"line":56,"column":17}},"11":{"start":{"line":50,"column":20},"end":{"line":50,"column":34}},"12":{"start":{"line":52,"column":20},"end":{"line":55,"column":23}},"13":{"start":{"line":59,"column":8},"end":{"line":59,"column":37}},"14":{"start":{"line":68,"column":36},"end":{"line":74,"column":1}},"15":{"start":{"line":69,"column":4},"end":{"line":73,"column":5}},"16":{"start":{"line":70,"column":8},"end":{"line":70,"column":52}},"17":{"start":{"line":72,"column":8},"end":{"line":72,"column":64}}},"fnMap":{"0":{"name":"(anonymous_0)","decl":{"start":{"line":9,"column":34},"end":{"line":9,"column":35}},"loc":{"start":{"line":9,"column":76},"end":{"line":29,"column":1}},"line":9},"1":{"name":"(anonymous_1)","decl":{"start":{"line":10,"column":23},"end":{"line":10,"column":24}},"loc":{"start":{"line":10,"column":44},"end":{"line":28,"column":5}},"line":10},"2":{"name":"(anonymous_2)","decl":{"start":{"line":16,"column":12},"end":{"line":16,"column":13}},"loc":{"start":{"line":16,"column":31},"end":{"line":25,"column":13}},"line":16},"3":{"name":"(anonymous_3)","decl":{"start":{"line":36,"column":36},"end":{"line":36,"column":37}},"loc":{"start":{"line":36,"column":52},"end":{"line":61,"column":1}},"line":36},"4":{"name":"(anonymous_4)","decl":{"start":{"line":37,"column":23},"end":{"line":37,"column":24}},"loc":{"start":{"line":37,"column":44},"end":{"line":60,"column":5}},"line":37},"5":{"name":"(anonymous_5)","decl":{"start":{"line":48,"column":12},"end":{"line":48,"column":13}},"loc":{"start":{"line":48,"column":31},"end":{"line":57,"column":13}},"line":48},"6":{"name":"(anonymous_6)","decl":{"start":{"line":68,"column":36},"end":{"line":68,"column":37}},"loc":{"start":{"line":68,"column":56},"end":{"line":74,"column":1}},"line":68}},"branchMap":{"0":{"loc":{"start":{"line":9,"column":47},"end":{"line":9,"column":71}},"type":"default-arg","locations":[{"start":{"line":9,"column":56},"end":{"line":9,"column":71}}],"line":9},"1":{"loc":{"start":{"line":17,"column":16},"end":{"line":24,"column":17}},"type":"if","locations":[{"start":{"line":17,"column":16},"end":{"line":24,"column":17}},{"start":{"line":19,"column":23},"end":{"line":24,"column":17}}],"line":17},"2":{"loc":{"start":{"line":49,"column":16},"end":{"line":56,"column":17}},"type":"if","locations":[{"start":{"line":49,"column":16},"end":{"line":56,"column":17}},{"start":{"line":51,"column":23},"end":{"line":56,"column":17}}],"line":49}},"s":{"0":0,"1":0,"2":0,"3":0,"4":0,"5":0,"6":0,"7":0,"8":0,"9":0,"10":0,"11":0,"12":0,"13":0,"14":0,"15":0,"16":0,"17":0},"f":{"0":0,"1":0,"2":0,"3":0,"4":0,"5":0,"6":0},"b":{"0":[0],"1":[0,0],"2":[0,0]}}
,"D:\\FYP Final Year Project\\backend\\src\\utils\\email.js": {"path":"D:\\FYP Final Year Project\\backend\\src\\utils\\email.js","statementMap":{"0":{"start":{"line":7,"column":30},"end":{"line":18,"column":1}},"1":{"start":{"line":8,"column":21},"end":{"line":8,"column":73}},"2":{"start":{"line":10,"column":4},"end":{"line":10,"column":61}},"3":{"start":{"line":11,"column":4},"end":{"line":11,"column":32}},"4":{"start":{"line":12,"column":4},"end":{"line":12,"column":51}},"5":{"start":{"line":13,"column":4},"end":{"line":13,"column":122}},"6":{"start":{"line":14,"column":4},"end":{"line":14,"column":61}},"7":{"start":{"line":17,"column":4},"end":{"line":17,"column":62}},"8":{"start":{"line":17,"column":36},"end":{"line":17,"column":60}},"9":{"start":{"line":20,"column":34},"end":{"line":22,"column":1}},"10":{"start":{"line":21,"column":4},"end":{"line":21,"column":50}}},"fnMap":{"0":{"name":"(anonymous_0)","decl":{"start":{"line":7,"column":30},"end":{"line":7,"column":31}},"loc":{"start":{"line":7,"column":59},"end":{"line":18,"column":1}},"line":7},"1":{"name":"(anonymous_1)","decl":{"start":{"line":17,"column":23},"end":{"line":17,"column":24}},"loc":{"start":{"line":17,"column":36},"end":{"line":17,"column":60}},"line":17},"2":{"name":"(anonymous_2)","decl":{"start":{"line":20,"column":34},"end":{"line":20,"column":35}},"loc":{"start":{"line":20,"column":40},"end":{"line":22,"column":1}},"line":20}},"branchMap":{},"s":{"0":0,"1":0,"2":0,"3":0,"4":0,"5":0,"6":0,"7":0,"8":0,"9":0,"10":0},"f":{"0":0,"1":0,"2":0},"b":{}}
,"D:\\FYP Final Year Project\\backend\\src\\utils\\jwt.js": {"path":"D:\\FYP Final Year Project\\backend\\src\\utils\\jwt.js","statementMap":{"0":{"start":{"line":5,"column":16},"end":{"line":7,"column":4}},"1":{"start":{"line":9,"column":2},"end":{"line":9,"column":15}},"2":{"start":{"line":13,"column":2},"end":{"line":19,"column":5}},"3":{"start":{"line":14,"column":4},"end":{"line":18,"column":7}},"4":{"start":{"line":15,"column":6},"end":{"line":15,"column":38}},"5":{"start":{"line":15,"column":17},"end":{"line":15,"column":38}},"6":{"start":{"line":17,"column":6},"end":{"line":17,"column":27}}},"fnMap":{"0":{"name":"createJWT","decl":{"start":{"line":4,"column":9},"end":{"line":4,"column":18}},"loc":{"start":{"line":4,"column":25},"end":{"line":10,"column":1}},"line":4},"1":{"name":"verifyJWT","decl":{"start":{"line":12,"column":15},"end":{"line":12,"column":24}},"loc":{"start":{"line":12,"column":36},"end":{"line":20,"column":1}},"line":12},"2":{"name":"(anonymous_2)","decl":{"start":{"line":13,"column":27},"end":{"line":13,"column":28}},"loc":{"start":{"line":13,"column":48},"end":{"line":19,"column":3}},"line":13},"3":{"name":"(anonymous_3)","decl":{"start":{"line":14,"column":44},"end":{"line":14,"column":45}},"loc":{"start":{"line":14,"column":61},"end":{"line":18,"column":5}},"line":14}},"branchMap":{"0":{"loc":{"start":{"line":15,"column":6},"end":{"line":15,"column":38}},"type":"if","locations":[{"start":{"line":15,"column":6},"end":{"line":15,"column":38}},{"start":{},"end":{}}],"line":15}},"s":{"0":0,"1":0,"2":0,"3":0,"4":0,"5":0,"6":0},"f":{"0":0,"1":0,"2":0,"3":0},"b":{"0":[0,0]}}
,"D:\\FYP Final Year Project\\backend\\src\\utils\\mailer.js": {"path":"D:\\FYP Final Year Project\\backend\\src\\utils\\mailer.js","statementMap":{"0":{"start":{"line":6,"column":20},"end":{"line":14,"column":2}},"1":{"start":{"line":16,"column":29},"end":{"line":16,"column":86}},"2":{"start":{"line":18,"column":0},"end":{"line":24,"column":1}},"3":{"start":{"line":19,"column":2},"end":{"line":21,"column":100}},"4":{"start":{"line":20,"column":16},"end":{"line":20,"column":51}},"5":{"start":{"line":21,"column":20},"end":{"line":21,"column":98}},"6":{"start":{"line":23,"column":2},"end":{"line":23,"column":75}},"7":{"start":{"line":26,"column":24},"end":{"line":40,"column":1}},"8":{"start":{"line":27,"column":2},"end":{"line":29,"column":3}},"9":{"start":{"line":28,"column":4},"end":{"line":28,"column":84}},"10":{"start":{"line":31,"column":22},"end":{"line":37,"column":3}},"11":{"start":{"line":39,"column":2},"end":{"line":39,"column":43}}},"fnMap":{"0":{"name":"(anonymous_0)","decl":{"start":{"line":20,"column":10},"end":{"line":20,"column":11}},"loc":{"start":{"line":20,"column":16},"end":{"line":20,"column":51}},"line":20},"1":{"name":"(anonymous_1)","decl":{"start":{"line":21,"column":11},"end":{"line":21,"column":12}},"loc":{"start":{"line":21,"column":20},"end":{"line":21,"column":98}},"line":21},"2":{"name":"(anonymous_2)","decl":{"start":{"line":26,"column":24},"end":{"line":26,"column":25}},"loc":{"start":{"line":26,"column":63},"end":{"line":40,"column":1}},"line":26}},"branchMap":{"0":{"loc":{"start":{"line":16,"column":37},"end":{"line":16,"column":85}},"type":"binary-expr","locations":[{"start":{"line":16,"column":37},"end":{"line":16,"column":59}},{"start":{"line":16,"column":63},"end":{"line":16,"column":85}}],"line":16},"1":{"loc":{"start":{"line":18,"column":0},"end":{"line":24,"column":1}},"type":"if","locations":[{"start":{"line":18,"column":0},"end":{"line":24,"column":1}},{"start":{"line":22,"column":7},"end":{"line":24,"column":1}}],"line":18},"2":{"loc":{"start":{"line":21,"column":59},"end":{"line":21,"column":97}},"type":"cond-expr","locations":[{"start":{"line":21,"column":80},"end":{"line":21,"column":91}},{"start":{"line":21,"column":94},"end":{"line":21,"column":97}}],"line":21},"3":{"loc":{"start":{"line":21,"column":59},"end":{"line":21,"column":77}},"type":"binary-expr","locations":[{"start":{"line":21,"column":59},"end":{"line":21,"column":62}},{"start":{"line":21,"column":66},"end":{"line":21,"column":77}}],"line":21},"4":{"loc":{"start":{"line":27,"column":2},"end":{"line":29,"column":3}},"type":"if","locations":[{"start":{"line":27,"column":2},"end":{"line":29,"column":3}},{"start":{},"end":{}}],"line":27}},"s":{"0":0,"1":0,"2":0,"3":0,"4":0,"5":0,"6":0,"7":0,"8":0,"9":0,"10":0,"11":0},"f":{"0":0,"1":0,"2":0},"b":{"0":[0,0],"1":[0,0],"2":[0,0],"3":[0,0],"4":[0,0]}}
}
